{"/Users/v-shangjunhao/MyProject/ai-workflow/cc-control/src/cli/attach.js": {"path":"/Users/v-shangjunhao/MyProject/ai-workflow/cc-control/src/cli/attach.js","statementMap":{"0":{"start":{"line":5,"column":18},"end":{"line":5,"column":48}},"1":{"start":{"line":6,"column":2},"end":{"line":11,"column":null}},"2":{"start":{"line":7,"column":4},"end":{"line":7,"column":null}},"3":{"start":{"line":9,"column":4},"end":{"line":9,"column":null}},"4":{"start":{"line":10,"column":4},"end":{"line":10,"column":null}},"5":{"start":{"line":12,"column":2},"end":{"line":12,"column":null}},"6":{"start":{"line":13,"column":2},"end":{"line":13,"column":null}}},"fnMap":{"0":{"name":"attachCommand","decl":{"start":{"line":4,"column":22},"end":{"line":4,"column":35}},"loc":{"start":{"line":4,"column":38},"end":{"line":14,"column":null}},"line":4}},"branchMap":{"0":{"loc":{"start":{"line":5,"column":18},"end":{"line":5,"column":48}},"type":"binary-expr","locations":[{"start":{"line":5,"column":18},"end":{"line":5,"column":40}},{"start":{"line":5,"column":44},"end":{"line":5,"column":48}}],"line":5}},"s":{"0":2,"1":2,"2":2,"3":1,"4":1,"5":1,"6":1},"f":{"0":2},"b":{"0":[2,2]},"meta":{"lastBranch":1,"lastFunction":1,"lastStatement":7,"seen":{"f:4:22:4:35":0,"s:5:18:5:48":0,"b:5:18:5:40:5:44:5:48":0,"s:6:2:11:Infinity":1,"s:7:4:7:Infinity":2,"s:9:4:9:Infinity":3,"s:10:4:10:Infinity":4,"s:12:2:12:Infinity":5,"s:13:2:13:Infinity":6},"fnNames":{}}}
,"/Users/v-shangjunhao/MyProject/ai-workflow/cc-control/src/cli/auto-selector.js": {"path":"/Users/v-shangjunhao/MyProject/ai-workflow/cc-control/src/cli/auto-selector.js","statementMap":{"0":{"start":{"line":7,"column":34},"end":{"line":7,"column":38}},"1":{"start":{"line":10,"column":2},"end":{"line":10,"column":null}},"2":{"start":{"line":10,"column":34},"end":{"line":10,"column":57}},"3":{"start":{"line":18,"column":18},"end":{"line":18,"column":36}},"4":{"start":{"line":20,"column":2},"end":{"line":25,"column":null}},"5":{"start":{"line":21,"column":4},"end":{"line":21,"column":null}},"6":{"start":{"line":22,"column":4},"end":{"line":22,"column":null}},"7":{"start":{"line":23,"column":4},"end":{"line":23,"column":null}},"8":{"start":{"line":24,"column":4},"end":{"line":24,"column":null}},"9":{"start":{"line":27,"column":2},"end":{"line":27,"column":null}},"10":{"start":{"line":28,"column":2},"end":{"line":28,"column":null}},"11":{"start":{"line":30,"column":16},"end":{"line":30,"column":43}},"12":{"start":{"line":31,"column":2},"end":{"line":31,"column":null}},"13":{"start":{"line":32,"column":2},"end":{"line":32,"column":null}}},"fnMap":{"0":{"name":"sleep","decl":{"start":{"line":9,"column":9},"end":{"line":9,"column":14}},"loc":{"start":{"line":9,"column":19},"end":{"line":11,"column":null}},"line":9},"1":{"name":"(anonymous_1)","decl":{"start":{"line":10,"column":21},"end":{"line":10,"column":22}},"loc":{"start":{"line":10,"column":34},"end":{"line":10,"column":57}},"line":10},"2":{"name":"autoSelect","decl":{"start":{"line":17,"column":22},"end":{"line":17,"column":32}},"loc":{"start":{"line":17,"column":43},"end":{"line":33,"column":null}},"line":17}},"branchMap":{"0":{"loc":{"start":{"line":20,"column":2},"end":{"line":25,"column":null}},"type":"if","locations":[{"start":{"line":20,"column":2},"end":{"line":25,"column":null}},{"start":{},"end":{}}],"line":20},"1":{"loc":{"start":{"line":20,"column":6},"end":{"line":20,"column":58}},"type":"binary-expr","locations":[{"start":{"line":20,"column":6},"end":{"line":20,"column":26}},{"start":{"line":20,"column":30},"end":{"line":20,"column":58}}],"line":20},"2":{"loc":{"start":{"line":30,"column":16},"end":{"line":30,"column":43}},"type":"binary-expr","locations":[{"start":{"line":30,"column":16},"end":{"line":30,"column":37}},{"start":{"line":30,"column":41},"end":{"line":30,"column":43}}],"line":30}},"s":{"0":1,"1":4,"2":4,"3":4,"4":4,"5":1,"6":1,"7":1,"8":1,"9":3,"10":3,"11":3,"12":4,"13":4},"f":{"0":4,"1":4,"2":4},"b":{"0":[1,3],"1":[4,1],"2":[3,1]},"meta":{"lastBranch":3,"lastFunction":3,"lastStatement":14,"seen":{"s:7:34:7:38":0,"f:9:9:9:14":0,"s:10:2:10:Infinity":1,"f:10:21:10:22":1,"s:10:34:10:57":2,"f:17:22:17:32":2,"s:18:18:18:36":3,"b:20:2:25:Infinity:undefined:undefined:undefined:undefined":0,"s:20:2:25:Infinity":4,"b:20:6:20:26:20:30:20:58":1,"s:21:4:21:Infinity":5,"s:22:4:22:Infinity":6,"s:23:4:23:Infinity":7,"s:24:4:24:Infinity":8,"s:27:2:27:Infinity":9,"s:28:2:28:Infinity":10,"s:30:16:30:43":11,"b:30:16:30:37:30:41:30:43":2,"s:31:2:31:Infinity":12,"s:32:2:32:Infinity":13},"fnNames":{}}}
,"/Users/v-shangjunhao/MyProject/ai-workflow/cc-control/src/cli/init.js": {"path":"/Users/v-shangjunhao/MyProject/ai-workflow/cc-control/src/cli/init.js","statementMap":{"0":{"start":{"line":8,"column":13},"end":{"line":8,"column":23}},"1":{"start":{"line":9,"column":14},"end":{"line":9,"column":24}},"2":{"start":{"line":10,"column":15},"end":{"line":10,"column":25}},"3":{"start":{"line":11,"column":12},"end":{"line":11,"column":22}},"4":{"start":{"line":12,"column":12},"end":{"line":12,"column":21}},"5":{"start":{"line":13,"column":14},"end":{"line":13,"column":23}},"6":{"start":{"line":14,"column":16},"end":{"line":14,"column":18}},"7":{"start":{"line":16,"column":16},"end":{"line":16,"column":66}},"8":{"start":{"line":19,"column":2},"end":{"line":19,"column":null}},"9":{"start":{"line":23,"column":17},"end":{"line":23,"column":62}},"10":{"start":{"line":24,"column":2},"end":{"line":37,"column":null}},"11":{"start":{"line":26,"column":6},"end":{"line":26,"column":null}},"12":{"start":{"line":27,"column":6},"end":{"line":27,"column":null}},"13":{"start":{"line":29,"column":6},"end":{"line":29,"column":null}},"14":{"start":{"line":30,"column":6},"end":{"line":30,"column":null}},"15":{"start":{"line":32,"column":6},"end":{"line":32,"column":null}},"16":{"start":{"line":33,"column":6},"end":{"line":33,"column":null}},"17":{"start":{"line":35,"column":6},"end":{"line":35,"column":null}},"18":{"start":{"line":36,"column":6},"end":{"line":36,"column":null}},"19":{"start":{"line":41,"column":10},"end":{"line":41,"column":11}},"20":{"start":{"line":42,"column":15},"end":{"line":42,"column":19}},"21":{"start":{"line":43,"column":16},"end":{"line":49,"column":8}},"22":{"start":{"line":44,"column":4},"end":{"line":48,"column":null}},"23":{"start":{"line":45,"column":6},"end":{"line":47,"column":null}},"24":{"start":{"line":50,"column":2},"end":{"line":56,"column":null}},"25":{"start":{"line":52,"column":6},"end":{"line":52,"column":null}},"26":{"start":{"line":53,"column":6},"end":{"line":53,"column":null}},"27":{"start":{"line":54,"column":6},"end":{"line":54,"column":null}},"28":{"start":{"line":60,"column":2},"end":{"line":65,"column":null}},"29":{"start":{"line":61,"column":4},"end":{"line":64,"column":null}},"30":{"start":{"line":62,"column":6},"end":{"line":63,"column":null}},"31":{"start":{"line":62,"column":15},"end":{"line":62,"column":null}},"32":{"start":{"line":63,"column":11},"end":{"line":63,"column":null}},"33":{"start":{"line":72,"column":20},"end":{"line":72,"column":27}},"34":{"start":{"line":73,"column":16},"end":{"line":73,"column":26}},"35":{"start":{"line":75,"column":2},"end":{"line":75,"column":null}},"36":{"start":{"line":78,"column":18},"end":{"line":78,"column":52}},"37":{"start":{"line":81,"column":2},"end":{"line":81,"column":null}},"38":{"start":{"line":82,"column":21},"end":{"line":82,"column":41}},"39":{"start":{"line":83,"column":2},"end":{"line":85,"column":null}},"40":{"start":{"line":84,"column":4},"end":{"line":84,"column":null}},"41":{"start":{"line":86,"column":2},"end":{"line":89,"column":null}},"42":{"start":{"line":86,"column":29},"end":{"line":86,"column":49}},"43":{"start":{"line":87,"column":4},"end":{"line":87,"column":null}},"44":{"start":{"line":88,"column":4},"end":{"line":88,"column":null}},"45":{"start":{"line":92,"column":2},"end":{"line":92,"column":null}},"46":{"start":{"line":93,"column":23},"end":{"line":93,"column":52}},"47":{"start":{"line":94,"column":2},"end":{"line":94,"column":null}},"48":{"start":{"line":97,"column":2},"end":{"line":97,"column":null}},"49":{"start":{"line":98,"column":2},"end":{"line":98,"column":null}},"50":{"start":{"line":101,"column":2},"end":{"line":101,"column":null}},"51":{"start":{"line":102,"column":2},"end":{"line":102,"column":null}},"52":{"start":{"line":105,"column":2},"end":{"line":105,"column":null}},"53":{"start":{"line":106,"column":2},"end":{"line":106,"column":null}},"54":{"start":{"line":107,"column":2},"end":{"line":107,"column":null}},"55":{"start":{"line":108,"column":2},"end":{"line":108,"column":null}},"56":{"start":{"line":109,"column":2},"end":{"line":109,"column":null}},"57":{"start":{"line":110,"column":2},"end":{"line":110,"column":null}},"58":{"start":{"line":111,"column":2},"end":{"line":111,"column":null}},"59":{"start":{"line":112,"column":2},"end":{"line":112,"column":null}},"60":{"start":{"line":116,"column":18},"end":{"line":116,"column":20}},"61":{"start":{"line":118,"column":2},"end":{"line":123,"column":null}},"62":{"start":{"line":119,"column":4},"end":{"line":119,"column":null}},"63":{"start":{"line":120,"column":4},"end":{"line":120,"column":null}},"64":{"start":{"line":122,"column":4},"end":{"line":122,"column":null}},"65":{"start":{"line":125,"column":2},"end":{"line":130,"column":null}},"66":{"start":{"line":126,"column":4},"end":{"line":126,"column":null}},"67":{"start":{"line":127,"column":4},"end":{"line":127,"column":null}},"68":{"start":{"line":129,"column":4},"end":{"line":129,"column":null}},"69":{"start":{"line":132,"column":2},"end":{"line":132,"column":null}},"70":{"start":{"line":136,"column":21},"end":{"line":136,"column":66}},"71":{"start":{"line":137,"column":2},"end":{"line":143,"column":null}},"72":{"start":{"line":138,"column":16},"end":{"line":138,"column":54}},"73":{"start":{"line":139,"column":19},"end":{"line":139,"column":34}},"74":{"start":{"line":140,"column":4},"end":{"line":140,"column":null}},"75":{"start":{"line":142,"column":4},"end":{"line":142,"column":null}},"76":{"start":{"line":147,"column":20},"end":{"line":147,"column":58}},"77":{"start":{"line":148,"column":24},"end":{"line":148,"column":80}},"78":{"start":{"line":149,"column":22},"end":{"line":149,"column":67}},"79":{"start":{"line":152,"column":21},"end":{"line":152,"column":26}},"80":{"start":{"line":153,"column":2},"end":{"line":157,"column":null}},"81":{"start":{"line":154,"column":19},"end":{"line":154,"column":49}},"82":{"start":{"line":155,"column":4},"end":{"line":155,"column":null}},"83":{"start":{"line":156,"column":4},"end":{"line":156,"column":null}},"84":{"start":{"line":160,"column":2},"end":{"line":162,"column":null}},"85":{"start":{"line":161,"column":4},"end":{"line":161,"column":null}},"86":{"start":{"line":165,"column":2},"end":{"line":167,"column":null}},"87":{"start":{"line":166,"column":4},"end":{"line":166,"column":null}},"88":{"start":{"line":170,"column":22},"end":{"line":180,"column":3}},"89":{"start":{"line":171,"column":4},"end":{"line":179,"column":null}},"90":{"start":{"line":172,"column":6},"end":{"line":178,"column":null}},"91":{"start":{"line":173,"column":20},"end":{"line":173,"column":84}},"92":{"start":{"line":174,"column":21},"end":{"line":174,"column":36}},"93":{"start":{"line":175,"column":8},"end":{"line":175,"column":null}},"94":{"start":{"line":177,"column":8},"end":{"line":177,"column":null}},"95":{"start":{"line":183,"column":2},"end":{"line":185,"column":null}},"96":{"start":{"line":184,"column":4},"end":{"line":184,"column":null}},"97":{"start":{"line":188,"column":18},"end":{"line":188,"column":66}},"98":{"start":{"line":190,"column":2},"end":{"line":207,"column":null}},"99":{"start":{"line":191,"column":18},"end":{"line":191,"column":36}},"100":{"start":{"line":193,"column":4},"end":{"line":196,"column":null}},"101":{"start":{"line":194,"column":6},"end":{"line":194,"column":null}},"102":{"start":{"line":195,"column":6},"end":{"line":195,"column":null}},"103":{"start":{"line":198,"column":17},"end":{"line":198,"column":56}},"104":{"start":{"line":199,"column":4},"end":{"line":206,"column":null}},"105":{"start":{"line":200,"column":6},"end":{"line":200,"column":null}},"106":{"start":{"line":201,"column":6},"end":{"line":201,"column":null}},"107":{"start":{"line":202,"column":6},"end":{"line":202,"column":null}},"108":{"start":{"line":204,"column":6},"end":{"line":204,"column":null}},"109":{"start":{"line":205,"column":6},"end":{"line":205,"column":null}},"110":{"start":{"line":211,"column":17},"end":{"line":211,"column":49}},"111":{"start":{"line":212,"column":22},"end":{"line":212,"column":77}},"112":{"start":{"line":213,"column":17},"end":{"line":213,"column":56}},"113":{"start":{"line":213,"column":51},"end":{"line":213,"column":55}},"114":{"start":{"line":215,"column":2},"end":{"line":228,"column":null}},"115":{"start":{"line":217,"column":4},"end":{"line":225,"column":null}},"116":{"start":{"line":218,"column":6},"end":{"line":218,"column":null}},"117":{"start":{"line":219,"column":6},"end":{"line":219,"column":null}},"118":{"start":{"line":220,"column":6},"end":{"line":220,"column":null}},"119":{"start":{"line":222,"column":6},"end":{"line":222,"column":null}},"120":{"start":{"line":223,"column":6},"end":{"line":223,"column":null}},"121":{"start":{"line":224,"column":6},"end":{"line":224,"column":null}},"122":{"start":{"line":226,"column":4},"end":{"line":226,"column":null}},"123":{"start":{"line":227,"column":4},"end":{"line":227,"column":null}},"124":{"start":{"line":230,"column":2},"end":{"line":233,"column":null}},"125":{"start":{"line":231,"column":4},"end":{"line":231,"column":null}},"126":{"start":{"line":232,"column":4},"end":{"line":232,"column":null}},"127":{"start":{"line":236,"column":2},"end":{"line":236,"column":null}},"128":{"start":{"line":237,"column":2},"end":{"line":237,"column":null}},"129":{"start":{"line":238,"column":2},"end":{"line":238,"column":null}},"130":{"start":{"line":239,"column":2},"end":{"line":239,"column":null}},"131":{"start":{"line":243,"column":18},"end":{"line":243,"column":64}},"132":{"start":{"line":244,"column":2},"end":{"line":259,"column":null}},"133":{"start":{"line":245,"column":20},"end":{"line":245,"column":42}},"134":{"start":{"line":246,"column":21},"end":{"line":246,"column":44}},"135":{"start":{"line":247,"column":23},"end":{"line":247,"column":64}},"136":{"start":{"line":247,"column":59},"end":{"line":247,"column":63}},"137":{"start":{"line":249,"column":4},"end":{"line":258,"column":null}},"138":{"start":{"line":250,"column":6},"end":{"line":252,"column":null}},"139":{"start":{"line":251,"column":8},"end":{"line":251,"column":null}},"140":{"start":{"line":253,"column":6},"end":{"line":253,"column":null}},"141":{"start":{"line":255,"column":6},"end":{"line":257,"column":null}},"142":{"start":{"line":256,"column":8},"end":{"line":256,"column":null}},"143":{"start":{"line":263,"column":14},"end":{"line":263,"column":92}},"144":{"start":{"line":264,"column":15},"end":{"line":264,"column":46}},"145":{"start":{"line":265,"column":2},"end":{"line":265,"column":52}},"146":{"start":{"line":265,"column":38},"end":{"line":265,"column":42}},"147":{"start":{"line":265,"column":45},"end":{"line":265,"column":52}},"148":{"start":{"line":266,"column":2},"end":{"line":269,"column":null}},"149":{"start":{"line":267,"column":4},"end":{"line":267,"column":null}},"150":{"start":{"line":268,"column":4},"end":{"line":268,"column":null}},"151":{"start":{"line":273,"column":2},"end":{"line":276,"column":null}},"152":{"start":{"line":274,"column":16},"end":{"line":274,"column":52}},"153":{"start":{"line":275,"column":4},"end":{"line":275,"column":null}},"154":{"start":{"line":280,"column":2},"end":{"line":280,"column":null}},"155":{"start":{"line":280,"column":16},"end":{"line":280,"column":null}},"156":{"start":{"line":281,"column":2},"end":{"line":283,"column":null}},"157":{"start":{"line":282,"column":4},"end":{"line":282,"column":null}},"158":{"start":{"line":287,"column":18},"end":{"line":287,"column":64}},"159":{"start":{"line":288,"column":2},"end":{"line":300,"column":null}},"160":{"start":{"line":289,"column":17},"end":{"line":289,"column":39}},"161":{"start":{"line":290,"column":4},"end":{"line":299,"column":null}},"162":{"start":{"line":291,"column":6},"end":{"line":291,"column":null}},"163":{"start":{"line":293,"column":6},"end":{"line":298,"column":null}},"164":{"start":{"line":294,"column":20},"end":{"line":294,"column":52}},"165":{"start":{"line":295,"column":8},"end":{"line":297,"column":null}},"166":{"start":{"line":296,"column":10},"end":{"line":296,"column":null}},"167":{"start":{"line":307,"column":23},"end":{"line":307,"column":87}},"168":{"start":{"line":308,"column":23},"end":{"line":308,"column":50}},"169":{"start":{"line":309,"column":22},"end":{"line":309,"column":48}},"170":{"start":{"line":312,"column":2},"end":{"line":317,"column":null}},"171":{"start":{"line":313,"column":4},"end":{"line":313,"column":null}},"172":{"start":{"line":315,"column":4},"end":{"line":315,"column":null}},"173":{"start":{"line":316,"column":4},"end":{"line":316,"column":null}},"174":{"start":{"line":319,"column":25},"end":{"line":319,"column":70}},"175":{"start":{"line":319,"column":65},"end":{"line":319,"column":69}},"176":{"start":{"line":321,"column":2},"end":{"line":335,"column":null}},"177":{"start":{"line":323,"column":4},"end":{"line":323,"column":null}},"178":{"start":{"line":324,"column":4},"end":{"line":324,"column":null}},"179":{"start":{"line":327,"column":20},"end":{"line":327,"column":60}},"180":{"start":{"line":328,"column":4},"end":{"line":334,"column":null}},"181":{"start":{"line":329,"column":6},"end":{"line":329,"column":null}},"182":{"start":{"line":331,"column":24},"end":{"line":331,"column":62}},"183":{"start":{"line":332,"column":6},"end":{"line":332,"column":null}},"184":{"start":{"line":333,"column":6},"end":{"line":333,"column":null}}},"fnMap":{"0":{"name":"logSection","decl":{"start":{"line":18,"column":9},"end":{"line":18,"column":19}},"loc":{"start":{"line":18,"column":27},"end":{"line":20,"column":null}},"line":18},"1":{"name":"logStep","decl":{"start":{"line":22,"column":9},"end":{"line":22,"column":16}},"loc":{"start":{"line":22,"column":37},"end":{"line":38,"column":null}},"line":22},"2":{"name":"createSpinner","decl":{"start":{"line":40,"column":9},"end":{"line":40,"column":22}},"loc":{"start":{"line":40,"column":30},"end":{"line":57,"column":null}},"line":40},"3":{"name":"(anonymous_3)","decl":{"start":{"line":43,"column":28},"end":{"line":43,"column":29}},"loc":{"start":{"line":43,"column":34},"end":{"line":49,"column":3}},"line":43},"4":{"name":"stop","decl":{"start":{"line":51,"column":4},"end":{"line":51,"column":8}},"loc":{"start":{"line":51,"column":11},"end":{"line":55,"column":5}},"line":51},"5":{"name":"execAsync","decl":{"start":{"line":59,"column":9},"end":{"line":59,"column":18}},"loc":{"start":{"line":59,"column":35},"end":{"line":66,"column":null}},"line":59},"6":{"name":"(anonymous_6)","decl":{"start":{"line":60,"column":21},"end":{"line":60,"column":22}},"loc":{"start":{"line":60,"column":42},"end":{"line":65,"column":3}},"line":60},"7":{"name":"(anonymous_7)","decl":{"start":{"line":61,"column":20},"end":{"line":61,"column":21}},"loc":{"start":{"line":61,"column":45},"end":{"line":64,"column":5}},"line":61},"8":{"name":"initCommand","decl":{"start":{"line":71,"column":22},"end":{"line":71,"column":33}},"loc":{"start":{"line":71,"column":43},"end":{"line":113,"column":null}},"line":71},"9":{"name":"(anonymous_9)","decl":{"start":{"line":86,"column":22},"end":{"line":86,"column":23}},"loc":{"start":{"line":86,"column":29},"end":{"line":86,"column":49}},"line":86},"10":{"name":"checkPrerequisites","decl":{"start":{"line":115,"column":9},"end":{"line":115,"column":27}},"loc":{"start":{"line":115,"column":30},"end":{"line":133,"column":null}},"line":115},"11":{"name":"loadExtraPlugins","decl":{"start":{"line":135,"column":15},"end":{"line":135,"column":31}},"loc":{"start":{"line":135,"column":39},"end":{"line":144,"column":null}},"line":135},"12":{"name":"installAllPlugins","decl":{"start":{"line":146,"column":15},"end":{"line":146,"column":32}},"loc":{"start":{"line":146,"column":54},"end":{"line":208,"column":null}},"line":146},"13":{"name":"(anonymous_13)","decl":{"start":{"line":161,"column":39},"end":{"line":161,"column":40}},"loc":{"start":{"line":161,"column":45},"end":{"line":161,"column":47}},"line":161},"14":{"name":"(anonymous_14)","decl":{"start":{"line":170,"column":22},"end":{"line":170,"column":23}},"loc":{"start":{"line":170,"column":32},"end":{"line":180,"column":3}},"line":170},"15":{"name":"(anonymous_15)","decl":{"start":{"line":171,"column":28},"end":{"line":171,"column":29}},"loc":{"start":{"line":171,"column":34},"end":{"line":179,"column":5}},"line":171},"16":{"name":"initWorkspace","decl":{"start":{"line":210,"column":15},"end":{"line":210,"column":28}},"loc":{"start":{"line":210,"column":52},"end":{"line":240,"column":null}},"line":210},"17":{"name":"(anonymous_17)","decl":{"start":{"line":213,"column":45},"end":{"line":213,"column":46}},"loc":{"start":{"line":213,"column":51},"end":{"line":213,"column":55}},"line":213},"18":{"name":"mergeMissing","decl":{"start":{"line":242,"column":15},"end":{"line":242,"column":27}},"loc":{"start":{"line":242,"column":39},"end":{"line":260,"column":null}},"line":242},"19":{"name":"(anonymous_19)","decl":{"start":{"line":247,"column":53},"end":{"line":247,"column":54}},"loc":{"start":{"line":247,"column":59},"end":{"line":247,"column":63}},"line":247},"20":{"name":"copyStateTemplate","decl":{"start":{"line":262,"column":15},"end":{"line":262,"column":32}},"loc":{"start":{"line":262,"column":48},"end":{"line":270,"column":null}},"line":262},"21":{"name":"(anonymous_21)","decl":{"start":{"line":265,"column":32},"end":{"line":265,"column":33}},"loc":{"start":{"line":265,"column":38},"end":{"line":265,"column":42}},"line":265},"22":{"name":"replaceTimestamp","decl":{"start":{"line":272,"column":15},"end":{"line":272,"column":31}},"loc":{"start":{"line":272,"column":42},"end":{"line":277,"column":null}},"line":272},"23":{"name":"replaceVersion","decl":{"start":{"line":279,"column":15},"end":{"line":279,"column":29}},"loc":{"start":{"line":279,"column":47},"end":{"line":284,"column":null}},"line":279},"24":{"name":"replaceInDir","decl":{"start":{"line":286,"column":15},"end":{"line":286,"column":27}},"loc":{"start":{"line":286,"column":42},"end":{"line":301,"column":null}},"line":286},"25":{"name":"initClaudeMd","decl":{"start":{"line":306,"column":15},"end":{"line":306,"column":27}},"loc":{"start":{"line":306,"column":46},"end":{"line":336,"column":null}},"line":306},"26":{"name":"(anonymous_26)","decl":{"start":{"line":319,"column":59},"end":{"line":319,"column":60}},"loc":{"start":{"line":319,"column":65},"end":{"line":319,"column":69}},"line":319}},"branchMap":{"0":{"loc":{"start":{"line":24,"column":2},"end":{"line":37,"column":null}},"type":"switch","locations":[{"start":{"line":25,"column":4},"end":{"line":27,"column":null}},{"start":{"line":28,"column":4},"end":{"line":30,"column":null}},{"start":{"line":31,"column":4},"end":{"line":33,"column":null}},{"start":{"line":34,"column":4},"end":{"line":36,"column":null}}],"line":24},"1":{"loc":{"start":{"line":44,"column":4},"end":{"line":48,"column":null}},"type":"if","locations":[{"start":{"line":44,"column":4},"end":{"line":48,"column":null}},{"start":{},"end":{}}],"line":44},"2":{"loc":{"start":{"line":59,"column":24},"end":{"line":59,"column":33}},"type":"default-arg","locations":[{"start":{"line":59,"column":31},"end":{"line":59,"column":33}}],"line":59},"3":{"loc":{"start":{"line":62,"column":6},"end":{"line":63,"column":null}},"type":"if","locations":[{"start":{"line":62,"column":6},"end":{"line":63,"column":null}},{"start":{"line":63,"column":11},"end":{"line":63,"column":null}}],"line":62},"4":{"loc":{"start":{"line":62,"column":32},"end":{"line":62,"column":53}},"type":"binary-expr","locations":[{"start":{"line":62,"column":32},"end":{"line":62,"column":38}},{"start":{"line":62,"column":42},"end":{"line":62,"column":53}}],"line":62},"5":{"loc":{"start":{"line":86,"column":2},"end":{"line":89,"column":null}},"type":"if","locations":[{"start":{"line":86,"column":2},"end":{"line":89,"column":null}},{"start":{},"end":{}}],"line":86},"6":{"loc":{"start":{"line":140,"column":11},"end":{"line":140,"column":31}},"type":"binary-expr","locations":[{"start":{"line":140,"column":11},"end":{"line":140,"column":25}},{"start":{"line":140,"column":29},"end":{"line":140,"column":31}}],"line":140},"7":{"loc":{"start":{"line":160,"column":2},"end":{"line":162,"column":null}},"type":"if","locations":[{"start":{"line":160,"column":2},"end":{"line":162,"column":null}},{"start":{},"end":{}}],"line":160},"8":{"loc":{"start":{"line":171,"column":11},"end":{"line":179,"column":8}},"type":"binary-expr","locations":[{"start":{"line":171,"column":11},"end":{"line":171,"column":23}},{"start":{"line":171,"column":27},"end":{"line":179,"column":8}}],"line":171},"9":{"loc":{"start":{"line":193,"column":4},"end":{"line":196,"column":null}},"type":"if","locations":[{"start":{"line":193,"column":4},"end":{"line":196,"column":null}},{"start":{},"end":{}}],"line":193},"10":{"loc":{"start":{"line":215,"column":2},"end":{"line":228,"column":null}},"type":"if","locations":[{"start":{"line":215,"column":2},"end":{"line":228,"column":null}},{"start":{},"end":{}}],"line":215},"11":{"loc":{"start":{"line":230,"column":2},"end":{"line":233,"column":null}},"type":"if","locations":[{"start":{"line":230,"column":2},"end":{"line":233,"column":null}},{"start":{},"end":{}}],"line":230},"12":{"loc":{"start":{"line":249,"column":4},"end":{"line":258,"column":null}},"type":"if","locations":[{"start":{"line":249,"column":4},"end":{"line":258,"column":null}},{"start":{"line":254,"column":11},"end":{"line":258,"column":null}}],"line":249},"13":{"loc":{"start":{"line":250,"column":6},"end":{"line":252,"column":null}},"type":"if","locations":[{"start":{"line":250,"column":6},"end":{"line":252,"column":null}},{"start":{},"end":{}}],"line":250},"14":{"loc":{"start":{"line":255,"column":6},"end":{"line":257,"column":null}},"type":"if","locations":[{"start":{"line":255,"column":6},"end":{"line":257,"column":null}},{"start":{},"end":{}}],"line":255},"15":{"loc":{"start":{"line":265,"column":2},"end":{"line":265,"column":52}},"type":"if","locations":[{"start":{"line":265,"column":2},"end":{"line":265,"column":52}},{"start":{},"end":{}}],"line":265},"16":{"loc":{"start":{"line":280,"column":2},"end":{"line":280,"column":null}},"type":"if","locations":[{"start":{"line":280,"column":2},"end":{"line":280,"column":null}},{"start":{},"end":{}}],"line":280},"17":{"loc":{"start":{"line":290,"column":4},"end":{"line":299,"column":null}},"type":"if","locations":[{"start":{"line":290,"column":4},"end":{"line":299,"column":null}},{"start":{"line":292,"column":11},"end":{"line":299,"column":null}}],"line":290},"18":{"loc":{"start":{"line":295,"column":8},"end":{"line":297,"column":null}},"type":"if","locations":[{"start":{"line":295,"column":8},"end":{"line":297,"column":null}},{"start":{},"end":{}}],"line":295},"19":{"loc":{"start":{"line":321,"column":2},"end":{"line":335,"column":null}},"type":"if","locations":[{"start":{"line":321,"column":2},"end":{"line":335,"column":null}},{"start":{"line":325,"column":9},"end":{"line":335,"column":null}}],"line":321},"20":{"loc":{"start":{"line":328,"column":4},"end":{"line":334,"column":null}},"type":"if","locations":[{"start":{"line":328,"column":4},"end":{"line":334,"column":null}},{"start":{"line":330,"column":11},"end":{"line":334,"column":null}}],"line":328},"21":{"loc":{"start":{"line":331,"column":24},"end":{"line":331,"column":62}},"type":"cond-expr","locations":[{"start":{"line":331,"column":49},"end":{"line":331,"column":53}},{"start":{"line":331,"column":56},"end":{"line":331,"column":62}}],"line":331}},"s":{"0":1,"1":1,"2":1,"3":1,"4":1,"5":1,"6":1,"7":1,"8":72,"9":90,"10":90,"11":80,"12":80,"13":4,"14":4,"15":4,"16":4,"17":2,"18":2,"19":17,"20":17,"21":17,"22":0,"23":0,"24":17,"25":17,"26":17,"27":17,"28":17,"29":17,"30":17,"31":1,"32":16,"33":18,"34":18,"35":18,"36":18,"37":18,"38":18,"39":18,"40":36,"41":18,"42":36,"43":1,"44":1,"45":18,"46":18,"47":18,"48":18,"49":18,"50":18,"51":18,"52":18,"53":18,"54":18,"55":18,"56":18,"57":18,"58":18,"59":18,"60":18,"61":18,"62":18,"63":18,"64":1,"65":18,"66":18,"67":18,"68":1,"69":18,"70":18,"71":18,"72":18,"73":0,"74":0,"75":18,"76":18,"77":18,"78":18,"79":18,"80":18,"81":18,"82":2,"83":1,"84":18,"85":17,"86":18,"87":18,"88":18,"89":18,"90":1,"91":1,"92":1,"93":1,"94":0,"95":18,"96":18,"97":18,"98":18,"99":18,"100":18,"101":1,"102":1,"103":17,"104":17,"105":17,"106":16,"107":16,"108":1,"109":1,"110":18,"111":18,"112":18,"113":16,"114":18,"115":16,"116":16,"117":15,"118":15,"119":1,"120":1,"121":1,"122":15,"123":15,"124":2,"125":1,"126":1,"127":1,"128":1,"129":1,"130":1,"131":2,"132":2,"133":3,"134":3,"135":3,"136":2,"137":3,"138":1,"139":1,"140":1,"141":2,"142":1,"143":16,"144":16,"145":16,"146":15,"147":1,"148":15,"149":15,"150":15,"151":15,"152":15,"153":15,"154":16,"155":1,"156":15,"157":15,"158":30,"159":30,"160":60,"161":60,"162":15,"163":45,"164":45,"165":45,"166":14,"167":18,"168":18,"169":18,"170":18,"171":18,"172":1,"173":1,"174":17,"175":13,"176":17,"177":13,"178":13,"179":4,"180":4,"181":3,"182":1,"183":1,"184":1},"f":{"0":72,"1":90,"2":17,"3":0,"4":17,"5":17,"6":17,"7":17,"8":18,"9":36,"10":18,"11":18,"12":18,"13":16,"14":18,"15":1,"16":18,"17":16,"18":2,"19":2,"20":16,"21":15,"22":15,"23":16,"24":30,"25":18,"26":13},"b":{"0":[80,4,4,2],"1":[0,0],"2":[17],"3":[1,16],"4":[1,1],"5":[1,17],"6":[0,0],"7":[17,1],"8":[18,1],"9":[1,17],"10":[16,2],"11":[1,1],"12":[1,2],"13":[1,0],"14":[1,1],"15":[1,15],"16":[1,15],"17":[15,45],"18":[14,31],"19":[13,4],"20":[3,1],"21":[1,0]},"meta":{"lastBranch":22,"lastFunction":27,"lastStatement":185,"seen":{"s:8:13:8:23":0,"s:9:14:9:24":1,"s:10:15:10:25":2,"s:11:12:11:22":3,"s:12:12:12:21":4,"s:13:14:13:23":5,"s:14:16:14:18":6,"s:16:16:16:66":7,"f:18:9:18:19":0,"s:19:2:19:Infinity":8,"f:22:9:22:16":1,"s:23:17:23:62":9,"b:25:4:27:Infinity:28:4:30:Infinity:31:4:33:Infinity:34:4:36:Infinity":0,"s:24:2:37:Infinity":10,"s:26:6:26:Infinity":11,"s:27:6:27:Infinity":12,"s:29:6:29:Infinity":13,"s:30:6:30:Infinity":14,"s:32:6:32:Infinity":15,"s:33:6:33:Infinity":16,"s:35:6:35:Infinity":17,"s:36:6:36:Infinity":18,"f:40:9:40:22":2,"s:41:10:41:11":19,"s:42:15:42:19":20,"s:43:16:49:8":21,"f:43:28:43:29":3,"b:44:4:48:Infinity:undefined:undefined:undefined:undefined":1,"s:44:4:48:Infinity":22,"s:45:6:47:Infinity":23,"s:50:2:56:Infinity":24,"f:51:4:51:8":4,"s:52:6:52:Infinity":25,"s:53:6:53:Infinity":26,"s:54:6:54:Infinity":27,"f:59:9:59:18":5,"b:59:31:59:33":2,"s:60:2:65:Infinity":28,"f:60:21:60:22":6,"s:61:4:64:Infinity":29,"f:61:20:61:21":7,"b:62:6:63:Infinity:63:11:63:Infinity":3,"s:62:6:63:Infinity":30,"s:62:15:62:Infinity":31,"b:62:32:62:38:62:42:62:53":4,"s:63:11:63:Infinity":32,"f:71:22:71:33":8,"s:72:20:72:27":33,"s:73:16:73:26":34,"s:75:2:75:Infinity":35,"s:78:18:78:52":36,"s:81:2:81:Infinity":37,"s:82:21:82:41":38,"s:83:2:85:Infinity":39,"s:84:4:84:Infinity":40,"b:86:2:89:Infinity:undefined:undefined:undefined:undefined":5,"s:86:2:89:Infinity":41,"f:86:22:86:23":9,"s:86:29:86:49":42,"s:87:4:87:Infinity":43,"s:88:4:88:Infinity":44,"s:92:2:92:Infinity":45,"s:93:23:93:52":46,"s:94:2:94:Infinity":47,"s:97:2:97:Infinity":48,"s:98:2:98:Infinity":49,"s:101:2:101:Infinity":50,"s:102:2:102:Infinity":51,"s:105:2:105:Infinity":52,"s:106:2:106:Infinity":53,"s:107:2:107:Infinity":54,"s:108:2:108:Infinity":55,"s:109:2:109:Infinity":56,"s:110:2:110:Infinity":57,"s:111:2:111:Infinity":58,"s:112:2:112:Infinity":59,"f:115:9:115:27":10,"s:116:18:116:20":60,"s:118:2:123:Infinity":61,"s:119:4:119:Infinity":62,"s:120:4:120:Infinity":63,"s:122:4:122:Infinity":64,"s:125:2:130:Infinity":65,"s:126:4:126:Infinity":66,"s:127:4:127:Infinity":67,"s:129:4:129:Infinity":68,"s:132:2:132:Infinity":69,"f:135:15:135:31":11,"s:136:21:136:66":70,"s:137:2:143:Infinity":71,"s:138:16:138:54":72,"s:139:19:139:34":73,"s:140:4:140:Infinity":74,"b:140:11:140:25:140:29:140:31":6,"s:142:4:142:Infinity":75,"f:146:15:146:32":12,"s:147:20:147:58":76,"s:148:24:148:80":77,"s:149:22:149:67":78,"s:152:21:152:26":79,"s:153:2:157:Infinity":80,"s:154:19:154:49":81,"s:155:4:155:Infinity":82,"s:156:4:156:Infinity":83,"b:160:2:162:Infinity:undefined:undefined:undefined:undefined":7,"s:160:2:162:Infinity":84,"s:161:4:161:Infinity":85,"f:161:39:161:40":13,"s:165:2:167:Infinity":86,"s:166:4:166:Infinity":87,"s:170:22:180:3":88,"f:170:22:170:23":14,"s:171:4:179:Infinity":89,"b:171:11:171:23:171:27:179:8":8,"f:171:28:171:29":15,"s:172:6:178:Infinity":90,"s:173:20:173:84":91,"s:174:21:174:36":92,"s:175:8:175:Infinity":93,"s:177:8:177:Infinity":94,"s:183:2:185:Infinity":95,"s:184:4:184:Infinity":96,"s:188:18:188:66":97,"s:190:2:207:Infinity":98,"s:191:18:191:36":99,"b:193:4:196:Infinity:undefined:undefined:undefined:undefined":9,"s:193:4:196:Infinity":100,"s:194:6:194:Infinity":101,"s:195:6:195:Infinity":102,"s:198:17:198:56":103,"s:199:4:206:Infinity":104,"s:200:6:200:Infinity":105,"s:201:6:201:Infinity":106,"s:202:6:202:Infinity":107,"s:204:6:204:Infinity":108,"s:205:6:205:Infinity":109,"f:210:15:210:28":16,"s:211:17:211:49":110,"s:212:22:212:77":111,"s:213:17:213:56":112,"f:213:45:213:46":17,"s:213:51:213:55":113,"b:215:2:228:Infinity:undefined:undefined:undefined:undefined":10,"s:215:2:228:Infinity":114,"s:217:4:225:Infinity":115,"s:218:6:218:Infinity":116,"s:219:6:219:Infinity":117,"s:220:6:220:Infinity":118,"s:222:6:222:Infinity":119,"s:223:6:223:Infinity":120,"s:224:6:224:Infinity":121,"s:226:4:226:Infinity":122,"s:227:4:227:Infinity":123,"b:230:2:233:Infinity:undefined:undefined:undefined:undefined":11,"s:230:2:233:Infinity":124,"s:231:4:231:Infinity":125,"s:232:4:232:Infinity":126,"s:236:2:236:Infinity":127,"s:237:2:237:Infinity":128,"s:238:2:238:Infinity":129,"s:239:2:239:Infinity":130,"f:242:15:242:27":18,"s:243:18:243:64":131,"s:244:2:259:Infinity":132,"s:245:20:245:42":133,"s:246:21:246:44":134,"s:247:23:247:64":135,"f:247:53:247:54":19,"s:247:59:247:63":136,"b:249:4:258:Infinity:254:11:258:Infinity":12,"s:249:4:258:Infinity":137,"b:250:6:252:Infinity:undefined:undefined:undefined:undefined":13,"s:250:6:252:Infinity":138,"s:251:8:251:Infinity":139,"s:253:6:253:Infinity":140,"b:255:6:257:Infinity:undefined:undefined:undefined:undefined":14,"s:255:6:257:Infinity":141,"s:256:8:256:Infinity":142,"f:262:15:262:32":20,"s:263:14:263:92":143,"s:264:15:264:46":144,"b:265:2:265:52:undefined:undefined:undefined:undefined":15,"s:265:2:265:52":145,"f:265:32:265:33":21,"s:265:38:265:42":146,"s:265:45:265:52":147,"s:266:2:269:Infinity":148,"s:267:4:267:Infinity":149,"s:268:4:268:Infinity":150,"f:272:15:272:31":22,"s:273:2:276:Infinity":151,"s:274:16:274:52":152,"s:275:4:275:Infinity":153,"f:279:15:279:29":23,"b:280:2:280:Infinity:undefined:undefined:undefined:undefined":16,"s:280:2:280:Infinity":154,"s:280:16:280:Infinity":155,"s:281:2:283:Infinity":156,"s:282:4:282:Infinity":157,"f:286:15:286:27":24,"s:287:18:287:64":158,"s:288:2:300:Infinity":159,"s:289:17:289:39":160,"b:290:4:299:Infinity:292:11:299:Infinity":17,"s:290:4:299:Infinity":161,"s:291:6:291:Infinity":162,"s:293:6:298:Infinity":163,"s:294:20:294:52":164,"b:295:8:297:Infinity:undefined:undefined:undefined:undefined":18,"s:295:8:297:Infinity":165,"s:296:10:296:Infinity":166,"f:306:15:306:27":25,"s:307:23:307:87":167,"s:308:23:308:50":168,"s:309:22:309:48":169,"s:312:2:317:Infinity":170,"s:313:4:313:Infinity":171,"s:315:4:315:Infinity":172,"s:316:4:316:Infinity":173,"s:319:25:319:70":174,"f:319:59:319:60":26,"s:319:65:319:69":175,"b:321:2:335:Infinity:325:9:335:Infinity":19,"s:321:2:335:Infinity":176,"s:323:4:323:Infinity":177,"s:324:4:324:Infinity":178,"s:327:20:327:60":179,"b:328:4:334:Infinity:330:11:334:Infinity":20,"s:328:4:334:Infinity":180,"s:329:6:329:Infinity":181,"s:331:24:331:62":182,"b:331:49:331:53:331:56:331:62":21,"s:332:6:332:Infinity":183,"s:333:6:333:Infinity":184},"fnNames":{}}}
,"/Users/v-shangjunhao/MyProject/ai-workflow/cc-control/src/cli/logger.js": {"path":"/Users/v-shangjunhao/MyProject/ai-workflow/cc-control/src/cli/logger.js","statementMap":{"0":{"start":{"line":5,"column":14},"end":{"line":5,"column":23}},"1":{"start":{"line":6,"column":12},"end":{"line":6,"column":22}},"2":{"start":{"line":7,"column":14},"end":{"line":7,"column":24}},"3":{"start":{"line":8,"column":15},"end":{"line":8,"column":25}},"4":{"start":{"line":9,"column":13},"end":{"line":9,"column":23}},"5":{"start":{"line":10,"column":12},"end":{"line":10,"column":21}},"6":{"start":{"line":12,"column":22},"end":{"line":25,"column":1}},"7":{"start":{"line":14,"column":4},"end":{"line":14,"column":null}},"8":{"start":{"line":17,"column":4},"end":{"line":17,"column":null}},"9":{"start":{"line":20,"column":4},"end":{"line":20,"column":null}},"10":{"start":{"line":23,"column":4},"end":{"line":23,"column":null}}},"fnMap":{"0":{"name":"info","decl":{"start":{"line":13,"column":2},"end":{"line":13,"column":6}},"loc":{"start":{"line":13,"column":12},"end":{"line":15,"column":3}},"line":13},"1":{"name":"success","decl":{"start":{"line":16,"column":2},"end":{"line":16,"column":9}},"loc":{"start":{"line":16,"column":15},"end":{"line":18,"column":3}},"line":16},"2":{"name":"warn","decl":{"start":{"line":19,"column":2},"end":{"line":19,"column":6}},"loc":{"start":{"line":19,"column":12},"end":{"line":21,"column":3}},"line":19},"3":{"name":"error","decl":{"start":{"line":22,"column":2},"end":{"line":22,"column":7}},"loc":{"start":{"line":22,"column":13},"end":{"line":24,"column":3}},"line":22}},"branchMap":{},"s":{"0":1,"1":1,"2":1,"3":1,"4":1,"5":1,"6":1,"7":0,"8":0,"9":0,"10":0},"f":{"0":0,"1":0,"2":0,"3":0},"b":{},"meta":{"lastBranch":0,"lastFunction":4,"lastStatement":11,"seen":{"s:5:14:5:23":0,"s:6:12:6:22":1,"s:7:14:7:24":2,"s:8:15:8:25":3,"s:9:13:9:23":4,"s:10:12:10:21":5,"s:12:22:25:1":6,"f:13:2:13:6":0,"s:14:4:14:Infinity":7,"f:16:2:16:9":1,"s:17:4:17:Infinity":8,"f:19:2:19:6":2,"s:20:4:20:Infinity":9,"f:22:2:22:7":3,"s:23:4:23:Infinity":10},"fnNames":{}}}
,"/Users/v-shangjunhao/MyProject/ai-workflow/cc-control/src/cli/open.js": {"path":"/Users/v-shangjunhao/MyProject/ai-workflow/cc-control/src/cli/open.js","statementMap":{"0":{"start":{"line":7,"column":20},"end":{"line":7,"column":24}},"1":{"start":{"line":13,"column":16},"end":{"line":13,"column":26}},"2":{"start":{"line":15,"column":2},"end":{"line":45,"column":null}},"3":{"start":{"line":18,"column":24},"end":{"line":18,"column":70}},"4":{"start":{"line":19,"column":20},"end":{"line":19,"column":69}},"5":{"start":{"line":21,"column":6},"end":{"line":24,"column":null}},"6":{"start":{"line":22,"column":8},"end":{"line":22,"column":null}},"7":{"start":{"line":23,"column":8},"end":{"line":23,"column":null}},"8":{"start":{"line":26,"column":19},"end":{"line":26,"column":36}},"9":{"start":{"line":27,"column":22},"end":{"line":27,"column":69}},"10":{"start":{"line":28,"column":6},"end":{"line":28,"column":null}},"11":{"start":{"line":29,"column":6},"end":{"line":29,"column":null}},"12":{"start":{"line":30,"column":6},"end":{"line":30,"column":null}},"13":{"start":{"line":31,"column":6},"end":{"line":31,"column":null}},"14":{"start":{"line":36,"column":18},"end":{"line":36,"column":59}},"15":{"start":{"line":37,"column":6},"end":{"line":37,"column":null}},"16":{"start":{"line":38,"column":6},"end":{"line":38,"column":null}},"17":{"start":{"line":39,"column":6},"end":{"line":39,"column":null}},"18":{"start":{"line":43,"column":6},"end":{"line":43,"column":null}},"19":{"start":{"line":44,"column":6},"end":{"line":44,"column":null}},"20":{"start":{"line":50,"column":19},"end":{"line":88,"column":8}},"21":{"start":{"line":89,"column":2},"end":{"line":89,"column":null}},"22":{"start":{"line":93,"column":14},"end":{"line":93,"column":106}},"23":{"start":{"line":94,"column":2},"end":{"line":94,"column":null}}},"fnMap":{"0":{"name":"openCommand","decl":{"start":{"line":12,"column":22},"end":{"line":12,"column":33}},"loc":{"start":{"line":12,"column":42},"end":{"line":46,"column":null}},"line":12},"1":{"name":"renderTree","decl":{"start":{"line":48,"column":9},"end":{"line":48,"column":19}},"loc":{"start":{"line":48,"column":27},"end":{"line":90,"column":null}},"line":48},"2":{"name":"openBrowser","decl":{"start":{"line":92,"column":15},"end":{"line":92,"column":26}},"loc":{"start":{"line":92,"column":35},"end":{"line":95,"column":null}},"line":92}},"branchMap":{"0":{"loc":{"start":{"line":15,"column":2},"end":{"line":45,"column":null}},"type":"switch","locations":[{"start":{"line":16,"column":4},"end":{"line":32,"column":null}},{"start":{"line":34,"column":4},"end":{"line":34,"column":null}},{"start":{"line":35,"column":4},"end":{"line":40,"column":null}},{"start":{"line":42,"column":4},"end":{"line":44,"column":null}}],"line":15},"1":{"loc":{"start":{"line":21,"column":6},"end":{"line":24,"column":null}},"type":"if","locations":[{"start":{"line":21,"column":6},"end":{"line":24,"column":null}},{"start":{},"end":{}}],"line":21},"2":{"loc":{"start":{"line":36,"column":38},"end":{"line":36,"column":57}},"type":"binary-expr","locations":[{"start":{"line":36,"column":38},"end":{"line":36,"column":49}},{"start":{"line":36,"column":53},"end":{"line":36,"column":57}}],"line":36},"3":{"loc":{"start":{"line":93,"column":14},"end":{"line":93,"column":106}},"type":"cond-expr","locations":[{"start":{"line":93,"column":46},"end":{"line":93,"column":52}},{"start":{"line":93,"column":55},"end":{"line":93,"column":106}}],"line":93},"4":{"loc":{"start":{"line":93,"column":55},"end":{"line":93,"column":106}},"type":"cond-expr","locations":[{"start":{"line":93,"column":86},"end":{"line":93,"column":93}},{"start":{"line":93,"column":96},"end":{"line":93,"column":106}}],"line":93}},"s":{"0":1,"1":9,"2":9,"3":3,"4":3,"5":2,"6":1,"7":1,"8":1,"9":1,"10":1,"11":1,"12":1,"13":1,"14":5,"15":5,"16":5,"17":5,"18":1,"19":1,"20":1,"21":1,"22":6,"23":6},"f":{"0":9,"1":1,"2":6},"b":{"0":[3,1,5,1],"1":[1,1],"2":[5,0],"3":[4,2],"4":[1,1]},"meta":{"lastBranch":5,"lastFunction":3,"lastStatement":24,"seen":{"s:7:20:7:24":0,"f:12:22:12:33":0,"s:13:16:13:26":1,"b:16:4:32:Infinity:34:4:34:Infinity:35:4:40:Infinity:42:4:44:Infinity":0,"s:15:2:45:Infinity":2,"s:18:24:18:70":3,"s:19:20:19:69":4,"b:21:6:24:Infinity:undefined:undefined:undefined:undefined":1,"s:21:6:24:Infinity":5,"s:22:8:22:Infinity":6,"s:23:8:23:Infinity":7,"s:26:19:26:36":8,"s:27:22:27:69":9,"s:28:6:28:Infinity":10,"s:29:6:29:Infinity":11,"s:30:6:30:Infinity":12,"s:31:6:31:Infinity":13,"s:36:18:36:59":14,"b:36:38:36:49:36:53:36:57":2,"s:37:6:37:Infinity":15,"s:38:6:38:Infinity":16,"s:39:6:39:Infinity":17,"s:43:6:43:Infinity":18,"s:44:6:44:Infinity":19,"f:48:9:48:19":1,"s:50:19:88:8":20,"s:89:2:89:Infinity":21,"f:92:15:92:26":2,"s:93:14:93:106":22,"b:93:46:93:52:93:55:93:106":3,"b:93:86:93:93:93:96:93:106":4,"s:94:2:94:Infinity":23},"fnNames":{}}}
,"/Users/v-shangjunhao/MyProject/ai-workflow/cc-control/src/cli/paths.js": {"path":"/Users/v-shangjunhao/MyProject/ai-workflow/cc-control/src/cli/paths.js","statementMap":{"0":{"start":{"line":5,"column":18},"end":{"line":5,"column":62}},"1":{"start":{"line":24,"column":25},"end":{"line":24,"column":38}},"2":{"start":{"line":32,"column":2},"end":{"line":32,"column":null}},"3":{"start":{"line":38,"column":22},"end":{"line":38,"column":57}},"4":{"start":{"line":40,"column":2},"end":{"line":47,"column":null}}},"fnMap":{"0":{"name":"pluginCmd","decl":{"start":{"line":31,"column":16},"end":{"line":31,"column":25}},"loc":{"start":{"line":31,"column":31},"end":{"line":33,"column":null}},"line":31},"1":{"name":"getPaths","decl":{"start":{"line":35,"column":16},"end":{"line":35,"column":24}},"loc":{"start":{"line":35,"column":27},"end":{"line":48,"column":null}},"line":35}},"branchMap":{},"s":{"0":0,"1":0,"2":0,"3":0,"4":0},"f":{"0":0,"1":0},"b":{},"meta":{"lastBranch":0,"lastFunction":2,"lastStatement":5,"seen":{"s:5:18:5:62":0,"s:24:25:24:38":1,"f:31:16:31:25":0,"s:32:2:32:Infinity":2,"f:35:16:35:24":1,"s:38:22:38:57":3,"s:40:2:47:Infinity":4},"fnNames":{}}}
,"/Users/v-shangjunhao/MyProject/ai-workflow/cc-control/src/cli/plan.js": {"path":"/Users/v-shangjunhao/MyProject/ai-workflow/cc-control/src/cli/plan.js","statementMap":{"0":{"start":{"line":12,"column":21},"end":{"line":12,"column":28}},"1":{"start":{"line":13,"column":16},"end":{"line":13,"column":26}},"2":{"start":{"line":14,"column":14},"end":{"line":14,"column":27}},"3":{"start":{"line":16,"column":18},"end":{"line":16,"column":42}},"4":{"start":{"line":17,"column":16},"end":{"line":17,"column":36}},"5":{"start":{"line":18,"column":2},"end":{"line":18,"column":null}},"6":{"start":{"line":19,"column":2},"end":{"line":19,"column":null}},"7":{"start":{"line":20,"column":2},"end":{"line":20,"column":null}},"8":{"start":{"line":22,"column":17},"end":{"line":26,"column":40}},"9":{"start":{"line":28,"column":2},"end":{"line":28,"column":null}},"10":{"start":{"line":29,"column":2},"end":{"line":29,"column":null}},"11":{"start":{"line":31,"column":15},"end":{"line":35,"column":3}},"12":{"start":{"line":37,"column":15},"end":{"line":40,"column":4}},"13":{"start":{"line":42,"column":2},"end":{"line":54,"column":null}},"14":{"start":{"line":43,"column":4},"end":{"line":50,"column":null}},"15":{"start":{"line":44,"column":6},"end":{"line":49,"column":null}},"16":{"start":{"line":45,"column":8},"end":{"line":45,"column":null}},"17":{"start":{"line":46,"column":8},"end":{"line":46,"column":null}},"18":{"start":{"line":48,"column":8},"end":{"line":48,"column":null}},"19":{"start":{"line":51,"column":4},"end":{"line":53,"column":null}},"20":{"start":{"line":52,"column":6},"end":{"line":52,"column":null}}},"fnMap":{"0":{"name":"planCommand","decl":{"start":{"line":11,"column":22},"end":{"line":11,"column":33}},"loc":{"start":{"line":11,"column":56},"end":{"line":55,"column":null}},"line":11},"1":{"name":"(anonymous_1)","decl":{"start":{"line":42,"column":20},"end":{"line":42,"column":21}},"loc":{"start":{"line":42,"column":41},"end":{"line":54,"column":3}},"line":42},"2":{"name":"(anonymous_2)","decl":{"start":{"line":43,"column":21},"end":{"line":43,"column":22}},"loc":{"start":{"line":43,"column":31},"end":{"line":50,"column":5}},"line":43},"3":{"name":"(anonymous_3)","decl":{"start":{"line":51,"column":21},"end":{"line":51,"column":22}},"loc":{"start":{"line":51,"column":30},"end":{"line":53,"column":5}},"line":51}},"branchMap":{"0":{"loc":{"start":{"line":17,"column":16},"end":{"line":17,"column":36}},"type":"binary-expr","locations":[{"start":{"line":17,"column":16},"end":{"line":17,"column":30}},{"start":{"line":17,"column":34},"end":{"line":17,"column":36}}],"line":17},"1":{"loc":{"start":{"line":22,"column":17},"end":{"line":26,"column":40}},"type":"cond-expr","locations":[{"start":{"line":23,"column":6},"end":{"line":23,"column":null}},{"start":{"line":24,"column":6},"end":{"line":26,"column":40}}],"line":22},"2":{"loc":{"start":{"line":24,"column":6},"end":{"line":26,"column":40}},"type":"cond-expr","locations":[{"start":{"line":25,"column":8},"end":{"line":25,"column":null}},{"start":{"line":26,"column":8},"end":{"line":26,"column":40}}],"line":24},"3":{"loc":{"start":{"line":44,"column":6},"end":{"line":49,"column":null}},"type":"if","locations":[{"start":{"line":44,"column":6},"end":{"line":49,"column":null}},{"start":{"line":47,"column":13},"end":{"line":49,"column":null}}],"line":44},"4":{"loc":{"start":{"line":44,"column":10},"end":{"line":44,"column":37}},"type":"binary-expr","locations":[{"start":{"line":44,"column":10},"end":{"line":44,"column":20}},{"start":{"line":44,"column":24},"end":{"line":44,"column":37}}],"line":44}},"s":{"0":13,"1":13,"2":13,"3":13,"4":13,"5":13,"6":13,"7":13,"8":13,"9":13,"10":13,"11":13,"12":13,"13":13,"14":13,"15":12,"16":11,"17":11,"18":1,"19":13,"20":1},"f":{"0":13,"1":13,"2":12,"3":1},"b":{"0":[13,1],"1":[2,11],"2":[9,2],"3":[11,1],"4":[12,2]},"meta":{"lastBranch":5,"lastFunction":4,"lastStatement":21,"seen":{"f:11:22:11:33":0,"s:12:21:12:28":0,"s:13:16:13:26":1,"s:14:14:14:27":2,"s:16:18:16:42":3,"s:17:16:17:36":4,"b:17:16:17:30:17:34:17:36":0,"s:18:2:18:Infinity":5,"s:19:2:19:Infinity":6,"s:20:2:20:Infinity":7,"s:22:17:26:40":8,"b:23:6:23:Infinity:24:6:26:40":1,"b:25:8:25:Infinity:26:8:26:40":2,"s:28:2:28:Infinity":9,"s:29:2:29:Infinity":10,"s:31:15:35:3":11,"s:37:15:40:4":12,"s:42:2:54:Infinity":13,"f:42:20:42:21":1,"s:43:4:50:Infinity":14,"f:43:21:43:22":2,"b:44:6:49:Infinity:47:13:49:Infinity":3,"s:44:6:49:Infinity":15,"b:44:10:44:20:44:24:44:37":4,"s:45:8:45:Infinity":16,"s:46:8:46:Infinity":17,"s:48:8:48:Infinity":18,"s:51:4:53:Infinity":19,"f:51:21:51:22":3,"s:52:6:52:Infinity":20},"fnNames":{}}}
,"/Users/v-shangjunhao/MyProject/ai-workflow/cc-control/src/cli/plugin.js": {"path":"/Users/v-shangjunhao/MyProject/ai-workflow/cc-control/src/cli/plugin.js","statementMap":{"0":{"start":{"line":12,"column":16},"end":{"line":12,"column":26}},"1":{"start":{"line":13,"column":20},"end":{"line":13,"column":56}},"2":{"start":{"line":15,"column":2},"end":{"line":50,"column":null}},"3":{"start":{"line":17,"column":6},"end":{"line":17,"column":null}},"4":{"start":{"line":19,"column":21},"end":{"line":19,"column":63}},"5":{"start":{"line":19,"column":58},"end":{"line":19,"column":62}},"6":{"start":{"line":20,"column":6},"end":{"line":23,"column":null}},"7":{"start":{"line":21,"column":8},"end":{"line":21,"column":null}},"8":{"start":{"line":22,"column":8},"end":{"line":22,"column":null}},"9":{"start":{"line":25,"column":24},"end":{"line":25,"column":62}},"10":{"start":{"line":26,"column":6},"end":{"line":26,"column":null}},"11":{"start":{"line":27,"column":6},"end":{"line":27,"column":null}},"12":{"start":{"line":28,"column":6},"end":{"line":28,"column":null}},"13":{"start":{"line":32,"column":21},"end":{"line":32,"column":64}},"14":{"start":{"line":32,"column":59},"end":{"line":32,"column":63}},"15":{"start":{"line":33,"column":6},"end":{"line":36,"column":null}},"16":{"start":{"line":34,"column":8},"end":{"line":34,"column":null}},"17":{"start":{"line":35,"column":8},"end":{"line":35,"column":null}},"18":{"start":{"line":38,"column":6},"end":{"line":42,"column":null}},"19":{"start":{"line":39,"column":8},"end":{"line":39,"column":null}},"20":{"start":{"line":41,"column":8},"end":{"line":41,"column":null}},"21":{"start":{"line":43,"column":6},"end":{"line":43,"column":null}},"22":{"start":{"line":44,"column":6},"end":{"line":44,"column":null}},"23":{"start":{"line":48,"column":6},"end":{"line":48,"column":null}},"24":{"start":{"line":49,"column":6},"end":{"line":49,"column":null}}},"fnMap":{"0":{"name":"pluginCommand","decl":{"start":{"line":11,"column":22},"end":{"line":11,"column":35}},"loc":{"start":{"line":11,"column":44},"end":{"line":51,"column":null}},"line":11},"1":{"name":"(anonymous_1)","decl":{"start":{"line":19,"column":52},"end":{"line":19,"column":53}},"loc":{"start":{"line":19,"column":58},"end":{"line":19,"column":62}},"line":19},"2":{"name":"(anonymous_2)","decl":{"start":{"line":32,"column":53},"end":{"line":32,"column":54}},"loc":{"start":{"line":32,"column":59},"end":{"line":32,"column":63}},"line":32}},"branchMap":{"0":{"loc":{"start":{"line":15,"column":2},"end":{"line":50,"column":null}},"type":"switch","locations":[{"start":{"line":16,"column":4},"end":{"line":29,"column":null}},{"start":{"line":31,"column":4},"end":{"line":45,"column":null}},{"start":{"line":47,"column":4},"end":{"line":49,"column":null}}],"line":15},"1":{"loc":{"start":{"line":20,"column":6},"end":{"line":23,"column":null}},"type":"if","locations":[{"start":{"line":20,"column":6},"end":{"line":23,"column":null}},{"start":{},"end":{}}],"line":20},"2":{"loc":{"start":{"line":33,"column":6},"end":{"line":36,"column":null}},"type":"if","locations":[{"start":{"line":33,"column":6},"end":{"line":36,"column":null}},{"start":{},"end":{}}],"line":33},"3":{"loc":{"start":{"line":38,"column":6},"end":{"line":42,"column":null}},"type":"if","locations":[{"start":{"line":38,"column":6},"end":{"line":42,"column":null}},{"start":{"line":40,"column":13},"end":{"line":42,"column":null}}],"line":38}},"s":{"0":6,"1":6,"2":6,"3":2,"4":2,"5":1,"6":2,"7":1,"8":1,"9":1,"10":1,"11":1,"12":1,"13":3,"14":1,"15":3,"16":1,"17":1,"18":2,"19":1,"20":1,"21":2,"22":2,"23":1,"24":1},"f":{"0":6,"1":1,"2":1},"b":{"0":[2,3,1],"1":[1,1],"2":[1,2],"3":[1,1]},"meta":{"lastBranch":4,"lastFunction":3,"lastStatement":25,"seen":{"f:11:22:11:35":0,"s:12:16:12:26":0,"s:13:20:13:56":1,"b:16:4:29:Infinity:31:4:45:Infinity:47:4:49:Infinity":0,"s:15:2:50:Infinity":2,"s:17:6:17:Infinity":3,"s:19:21:19:63":4,"f:19:52:19:53":1,"s:19:58:19:62":5,"b:20:6:23:Infinity:undefined:undefined:undefined:undefined":1,"s:20:6:23:Infinity":6,"s:21:8:21:Infinity":7,"s:22:8:22:Infinity":8,"s:25:24:25:62":9,"s:26:6:26:Infinity":10,"s:27:6:27:Infinity":11,"s:28:6:28:Infinity":12,"s:32:21:32:64":13,"f:32:53:32:54":2,"s:32:59:32:63":14,"b:33:6:36:Infinity:undefined:undefined:undefined:undefined":2,"s:33:6:36:Infinity":15,"s:34:8:34:Infinity":16,"s:35:8:35:Infinity":17,"b:38:6:42:Infinity:40:13:42:Infinity":3,"s:38:6:42:Infinity":18,"s:39:8:39:Infinity":19,"s:41:8:41:Infinity":20,"s:43:6:43:Infinity":21,"s:44:6:44:Infinity":22,"s:48:6:48:Infinity":23,"s:49:6:49:Infinity":24},"fnNames":{}}}
,"/Users/v-shangjunhao/MyProject/ai-workflow/cc-control/src/cli/run.js": {"path":"/Users/v-shangjunhao/MyProject/ai-workflow/cc-control/src/cli/run.js","statementMap":{"0":{"start":{"line":7,"column":13},"end":{"line":7,"column":23}},"1":{"start":{"line":8,"column":14},"end":{"line":8,"column":24}},"2":{"start":{"line":9,"column":15},"end":{"line":9,"column":25}},"3":{"start":{"line":10,"column":12},"end":{"line":10,"column":22}},"4":{"start":{"line":11,"column":12},"end":{"line":11,"column":21}},"5":{"start":{"line":12,"column":14},"end":{"line":12,"column":23}},"6":{"start":{"line":13,"column":16},"end":{"line":13,"column":18}},"7":{"start":{"line":15,"column":20},"end":{"line":15,"column":24}},"8":{"start":{"line":16,"column":22},"end":{"line":16,"column":26}},"9":{"start":{"line":17,"column":22},"end":{"line":17,"column":28}},"10":{"start":{"line":19,"column":16},"end":{"line":19,"column":66}},"11":{"start":{"line":21,"column":20},"end":{"line":21,"column":29}},"12":{"start":{"line":26,"column":2},"end":{"line":26,"column":null}},"13":{"start":{"line":30,"column":17},"end":{"line":30,"column":62}},"14":{"start":{"line":31,"column":2},"end":{"line":44,"column":null}},"15":{"start":{"line":33,"column":6},"end":{"line":33,"column":null}},"16":{"start":{"line":34,"column":6},"end":{"line":34,"column":null}},"17":{"start":{"line":36,"column":6},"end":{"line":36,"column":null}},"18":{"start":{"line":37,"column":6},"end":{"line":37,"column":null}},"19":{"start":{"line":39,"column":6},"end":{"line":39,"column":null}},"20":{"start":{"line":40,"column":6},"end":{"line":40,"column":null}},"21":{"start":{"line":42,"column":6},"end":{"line":42,"column":null}},"22":{"start":{"line":43,"column":6},"end":{"line":43,"column":null}},"23":{"start":{"line":48,"column":10},"end":{"line":48,"column":11}},"24":{"start":{"line":49,"column":15},"end":{"line":49,"column":19}},"25":{"start":{"line":50,"column":16},"end":{"line":56,"column":8}},"26":{"start":{"line":51,"column":4},"end":{"line":55,"column":null}},"27":{"start":{"line":52,"column":6},"end":{"line":54,"column":null}},"28":{"start":{"line":57,"column":2},"end":{"line":63,"column":null}},"29":{"start":{"line":59,"column":6},"end":{"line":59,"column":null}},"30":{"start":{"line":60,"column":6},"end":{"line":60,"column":null}},"31":{"start":{"line":61,"column":6},"end":{"line":61,"column":null}},"32":{"start":{"line":67,"column":14},"end":{"line":67,"column":17}},"33":{"start":{"line":68,"column":20},"end":{"line":68,"column":41}},"34":{"start":{"line":69,"column":2},"end":{"line":73,"column":null}},"35":{"start":{"line":70,"column":4},"end":{"line":70,"column":null}},"36":{"start":{"line":72,"column":4},"end":{"line":72,"column":null}},"37":{"start":{"line":74,"column":16},"end":{"line":74,"column":29}},"38":{"start":{"line":75,"column":2},"end":{"line":77,"column":null}},"39":{"start":{"line":76,"column":4},"end":{"line":76,"column":null}},"40":{"start":{"line":81,"column":2},"end":{"line":81,"column":null}},"41":{"start":{"line":87,"column":16},"end":{"line":87,"column":26}},"42":{"start":{"line":88,"column":22},"end":{"line":88,"column":35}},"43":{"start":{"line":90,"column":16},"end":{"line":90,"column":38}},"44":{"start":{"line":91,"column":2},"end":{"line":94,"column":null}},"45":{"start":{"line":92,"column":4},"end":{"line":92,"column":null}},"46":{"start":{"line":93,"column":4},"end":{"line":93,"column":null}},"47":{"start":{"line":97,"column":16},"end":{"line":97,"column":21}},"48":{"start":{"line":98,"column":20},"end":{"line":105,"column":3}},"49":{"start":{"line":99,"column":4},"end":{"line":99,"column":null}},"50":{"start":{"line":99,"column":17},"end":{"line":99,"column":null}},"51":{"start":{"line":100,"column":4},"end":{"line":100,"column":null}},"52":{"start":{"line":101,"column":20},"end":{"line":101,"column":50}},"53":{"start":{"line":102,"column":4},"end":{"line":102,"column":null}},"54":{"start":{"line":102,"column":10},"end":{"line":102,"column":87}},"55":{"start":{"line":103,"column":4},"end":{"line":103,"column":null}},"56":{"start":{"line":103,"column":10},"end":{"line":103,"column":95}},"57":{"start":{"line":104,"column":4},"end":{"line":104,"column":null}},"58":{"start":{"line":106,"column":2},"end":{"line":106,"column":null}},"59":{"start":{"line":106,"column":31},"end":{"line":106,"column":43}},"60":{"start":{"line":106,"column":44},"end":{"line":106,"column":60}},"61":{"start":{"line":107,"column":2},"end":{"line":107,"column":null}},"62":{"start":{"line":107,"column":32},"end":{"line":107,"column":44}},"63":{"start":{"line":107,"column":45},"end":{"line":107,"column":61}},"64":{"start":{"line":110,"column":18},"end":{"line":110,"column":51}},"65":{"start":{"line":111,"column":2},"end":{"line":111,"column":null}},"66":{"start":{"line":112,"column":2},"end":{"line":112,"column":null}},"67":{"start":{"line":115,"column":2},"end":{"line":115,"column":null}},"68":{"start":{"line":116,"column":2},"end":{"line":116,"column":null}},"69":{"start":{"line":117,"column":2},"end":{"line":117,"column":null}},"70":{"start":{"line":119,"column":2},"end":{"line":119,"column":null}},"71":{"start":{"line":120,"column":2},"end":{"line":120,"column":null}},"72":{"start":{"line":122,"column":2},"end":{"line":122,"column":null}},"73":{"start":{"line":124,"column":2},"end":{"line":128,"column":null}},"74":{"start":{"line":125,"column":4},"end":{"line":125,"column":null}},"75":{"start":{"line":127,"column":4},"end":{"line":127,"column":null}},"76":{"start":{"line":134,"column":21},"end":{"line":134,"column":43}},"77":{"start":{"line":135,"column":19},"end":{"line":135,"column":73}},"78":{"start":{"line":136,"column":16},"end":{"line":136,"column":31}},"79":{"start":{"line":137,"column":28},"end":{"line":137,"column":29}},"80":{"start":{"line":139,"column":2},"end":{"line":174,"column":null}},"81":{"start":{"line":140,"column":21},"end":{"line":140,"column":47}},"82":{"start":{"line":142,"column":4},"end":{"line":142,"column":null}},"83":{"start":{"line":142,"column":19},"end":{"line":142,"column":null}},"84":{"start":{"line":144,"column":16},"end":{"line":144,"column":65}},"85":{"start":{"line":144,"column":40},"end":{"line":144,"column":60}},"86":{"start":{"line":145,"column":4},"end":{"line":145,"column":null}},"87":{"start":{"line":147,"column":19},"end":{"line":147,"column":57}},"88":{"start":{"line":148,"column":4},"end":{"line":148,"column":null}},"89":{"start":{"line":150,"column":19},"end":{"line":150,"column":70}},"90":{"start":{"line":153,"column":4},"end":{"line":153,"column":null}},"91":{"start":{"line":155,"column":4},"end":{"line":173,"column":null}},"92":{"start":{"line":156,"column":6},"end":{"line":156,"column":null}},"93":{"start":{"line":158,"column":31},"end":{"line":158,"column":57}},"94":{"start":{"line":159,"column":6},"end":{"line":170,"column":null}},"95":{"start":{"line":160,"column":8},"end":{"line":160,"column":null}},"96":{"start":{"line":161,"column":8},"end":{"line":166,"column":null}},"97":{"start":{"line":162,"column":10},"end":{"line":162,"column":null}},"98":{"start":{"line":164,"column":10},"end":{"line":164,"column":null}},"99":{"start":{"line":165,"column":10},"end":{"line":165,"column":null}},"100":{"start":{"line":169,"column":8},"end":{"line":169,"column":null}},"101":{"start":{"line":172,"column":6},"end":{"line":172,"column":null}},"102":{"start":{"line":176,"column":2},"end":{"line":176,"column":null}},"103":{"start":{"line":177,"column":2},"end":{"line":177,"column":null}},"104":{"start":{"line":183,"column":19},"end":{"line":183,"column":95}},"105":{"start":{"line":184,"column":2},"end":{"line":188,"column":null}},"106":{"start":{"line":185,"column":19},"end":{"line":185,"column":47}},"107":{"start":{"line":186,"column":4},"end":{"line":186,"column":null}},"108":{"start":{"line":187,"column":4},"end":{"line":187,"column":null}},"109":{"start":{"line":190,"column":15},"end":{"line":190,"column":44}},"110":{"start":{"line":191,"column":2},"end":{"line":228,"column":null}},"111":{"start":{"line":192,"column":4},"end":{"line":192,"column":null}},"112":{"start":{"line":194,"column":4},"end":{"line":194,"column":null}},"113":{"start":{"line":197,"column":4},"end":{"line":211,"column":null}},"114":{"start":{"line":198,"column":23},"end":{"line":198,"column":63}},"115":{"start":{"line":199,"column":6},"end":{"line":210,"column":null}},"116":{"start":{"line":200,"column":8},"end":{"line":200,"column":null}},"117":{"start":{"line":201,"column":23},"end":{"line":201,"column":104}},"118":{"start":{"line":202,"column":8},"end":{"line":202,"column":null}},"119":{"start":{"line":203,"column":8},"end":{"line":203,"column":null}},"120":{"start":{"line":204,"column":26},"end":{"line":204,"column":66}},"121":{"start":{"line":205,"column":8},"end":{"line":209,"column":null}},"122":{"start":{"line":206,"column":10},"end":{"line":206,"column":null}},"123":{"start":{"line":208,"column":10},"end":{"line":208,"column":null}},"124":{"start":{"line":213,"column":4},"end":{"line":213,"column":null}},"125":{"start":{"line":214,"column":4},"end":{"line":214,"column":null}},"126":{"start":{"line":215,"column":4},"end":{"line":215,"column":null}},"127":{"start":{"line":217,"column":4},"end":{"line":217,"column":null}},"128":{"start":{"line":219,"column":4},"end":{"line":225,"column":null}},"129":{"start":{"line":220,"column":23},"end":{"line":220,"column":63}},"130":{"start":{"line":221,"column":6},"end":{"line":224,"column":null}},"131":{"start":{"line":222,"column":8},"end":{"line":222,"column":null}},"132":{"start":{"line":223,"column":8},"end":{"line":223,"column":null}},"133":{"start":{"line":226,"column":4},"end":{"line":226,"column":null}},"134":{"start":{"line":227,"column":4},"end":{"line":227,"column":null}},"135":{"start":{"line":232,"column":16},"end":{"line":232,"column":38}},"136":{"start":{"line":233,"column":16},"end":{"line":233,"column":56}},"137":{"start":{"line":234,"column":15},"end":{"line":234,"column":47}},"138":{"start":{"line":234,"column":31},"end":{"line":234,"column":46}},"139":{"start":{"line":235,"column":2},"end":{"line":235,"column":null}},"140":{"start":{"line":241,"column":2},"end":{"line":255,"column":null}},"141":{"start":{"line":242,"column":17},"end":{"line":242,"column":37}},"142":{"start":{"line":243,"column":16},"end":{"line":251,"column":6}},"143":{"start":{"line":248,"column":17},"end":{"line":248,"column":19}},"144":{"start":{"line":249,"column":6},"end":{"line":249,"column":null}},"145":{"start":{"line":249,"column":29},"end":{"line":249,"column":38}},"146":{"start":{"line":250,"column":6},"end":{"line":250,"column":null}},"147":{"start":{"line":250,"column":26},"end":{"line":250,"column":39}},"148":{"start":{"line":252,"column":4},"end":{"line":252,"column":null}},"149":{"start":{"line":253,"column":4},"end":{"line":253,"column":null}},"150":{"start":{"line":254,"column":4},"end":{"line":254,"column":null}},"151":{"start":{"line":259,"column":14},"end":{"line":259,"column":39}},"152":{"start":{"line":260,"column":2},"end":{"line":260,"column":null}},"153":{"start":{"line":260,"column":8},"end":{"line":260,"column":31}},"154":{"start":{"line":260,"column":42},"end":{"line":260,"column":54}},"155":{"start":{"line":264,"column":2},"end":{"line":275,"column":null}},"156":{"start":{"line":265,"column":16},"end":{"line":272,"column":6}},"157":{"start":{"line":266,"column":17},"end":{"line":266,"column":19}},"158":{"start":{"line":267,"column":6},"end":{"line":267,"column":null}},"159":{"start":{"line":267,"column":29},"end":{"line":267,"column":38}},"160":{"start":{"line":268,"column":6},"end":{"line":271,"column":null}},"161":{"start":{"line":269,"column":8},"end":{"line":270,"column":null}},"162":{"start":{"line":269,"column":14},"end":{"line":269,"column":40}},"163":{"start":{"line":270,"column":16},"end":{"line":270,"column":31}},"164":{"start":{"line":273,"column":4},"end":{"line":273,"column":null}},"165":{"start":{"line":273,"column":26},"end":{"line":273,"column":40}},"166":{"start":{"line":274,"column":4},"end":{"line":274,"column":null}},"167":{"start":{"line":274,"column":33},"end":{"line":274,"column":47}},"168":{"start":{"line":274,"column":48},"end":{"line":274,"column":63}},"169":{"start":{"line":279,"column":2},"end":{"line":301,"column":null}},"170":{"start":{"line":280,"column":4},"end":{"line":286,"column":null}},"171":{"start":{"line":281,"column":6},"end":{"line":284,"column":null}},"172":{"start":{"line":282,"column":8},"end":{"line":282,"column":null}},"173":{"start":{"line":283,"column":8},"end":{"line":283,"column":null}},"174":{"start":{"line":285,"column":6},"end":{"line":285,"column":null}},"175":{"start":{"line":287,"column":4},"end":{"line":287,"column":null}},"176":{"start":{"line":288,"column":4},"end":{"line":288,"column":null}},"177":{"start":{"line":288,"column":27},"end":{"line":288,"column":null}},"178":{"start":{"line":288,"column":55},"end":{"line":288,"column":103}},"179":{"start":{"line":289,"column":16},"end":{"line":289,"column":35}},"180":{"start":{"line":290,"column":4},"end":{"line":299,"column":null}},"181":{"start":{"line":291,"column":6},"end":{"line":297,"column":null}},"182":{"start":{"line":292,"column":8},"end":{"line":292,"column":null}},"183":{"start":{"line":293,"column":13},"end":{"line":297,"column":null}},"184":{"start":{"line":294,"column":8},"end":{"line":294,"column":null}},"185":{"start":{"line":295,"column":13},"end":{"line":297,"column":null}},"186":{"start":{"line":296,"column":8},"end":{"line":296,"column":null}},"187":{"start":{"line":300,"column":4},"end":{"line":300,"column":null}},"188":{"start":{"line":303,"column":2},"end":{"line":303,"column":null}},"189":{"start":{"line":304,"column":30},"end":{"line":304,"column":54}},"190":{"start":{"line":305,"column":13},"end":{"line":305,"column":78}},"191":{"start":{"line":307,"column":2},"end":{"line":321,"column":null}},"192":{"start":{"line":308,"column":4},"end":{"line":308,"column":null}},"193":{"start":{"line":309,"column":4},"end":{"line":309,"column":null}},"194":{"start":{"line":309,"column":32},"end":{"line":309,"column":80}},"195":{"start":{"line":310,"column":19},"end":{"line":315,"column":6}},"196":{"start":{"line":311,"column":6},"end":{"line":314,"column":null}},"197":{"start":{"line":312,"column":8},"end":{"line":312,"column":null}},"198":{"start":{"line":313,"column":8},"end":{"line":313,"column":null}},"199":{"start":{"line":316,"column":16},"end":{"line":316,"column":40}},"200":{"start":{"line":317,"column":18},"end":{"line":317,"column":42}},"201":{"start":{"line":318,"column":4},"end":{"line":318,"column":null}},"202":{"start":{"line":319,"column":4},"end":{"line":319,"column":null}},"203":{"start":{"line":320,"column":4},"end":{"line":320,"column":null}},"204":{"start":{"line":323,"column":2},"end":{"line":323,"column":null}},"205":{"start":{"line":324,"column":17},"end":{"line":329,"column":4}},"206":{"start":{"line":325,"column":4},"end":{"line":328,"column":null}},"207":{"start":{"line":326,"column":6},"end":{"line":326,"column":null}},"208":{"start":{"line":327,"column":6},"end":{"line":327,"column":null}},"209":{"start":{"line":330,"column":2},"end":{"line":333,"column":null}},"210":{"start":{"line":331,"column":4},"end":{"line":331,"column":null}},"211":{"start":{"line":332,"column":4},"end":{"line":332,"column":null}},"212":{"start":{"line":337,"column":16},"end":{"line":337,"column":26}},"213":{"start":{"line":338,"column":21},"end":{"line":338,"column":25}},"214":{"start":{"line":339,"column":2},"end":{"line":354,"column":null}},"215":{"start":{"line":340,"column":19},"end":{"line":340,"column":36}},"216":{"start":{"line":341,"column":4},"end":{"line":349,"column":null}},"217":{"start":{"line":342,"column":18},"end":{"line":342,"column":56}},"218":{"start":{"line":343,"column":6},"end":{"line":346,"column":null}},"219":{"start":{"line":344,"column":8},"end":{"line":344,"column":null}},"220":{"start":{"line":345,"column":8},"end":{"line":345,"column":null}},"221":{"start":{"line":347,"column":6},"end":{"line":347,"column":null}},"222":{"start":{"line":348,"column":6},"end":{"line":348,"column":null}},"223":{"start":{"line":350,"column":4},"end":{"line":352,"column":null}},"224":{"start":{"line":351,"column":6},"end":{"line":351,"column":null}},"225":{"start":{"line":353,"column":4},"end":{"line":353,"column":null}},"226":{"start":{"line":355,"column":2},"end":{"line":355,"column":null}},"227":{"start":{"line":359,"column":17},"end":{"line":359,"column":34}},"228":{"start":{"line":360,"column":2},"end":{"line":360,"column":null}},"229":{"start":{"line":366,"column":2},"end":{"line":366,"column":null}},"230":{"start":{"line":366,"column":8},"end":{"line":366,"column":93}},"231":{"start":{"line":367,"column":2},"end":{"line":367,"column":null}},"232":{"start":{"line":369,"column":15},"end":{"line":369,"column":54}},"233":{"start":{"line":370,"column":15},"end":{"line":374,"column":4}},"234":{"start":{"line":375,"column":2},"end":{"line":375,"column":null}},"235":{"start":{"line":377,"column":2},"end":{"line":384,"column":null}},"236":{"start":{"line":377,"column":15},"end":{"line":377,"column":16}},"237":{"start":{"line":378,"column":4},"end":{"line":378,"column":null}},"238":{"start":{"line":379,"column":4},"end":{"line":383,"column":null}},"239":{"start":{"line":380,"column":6},"end":{"line":380,"column":null}},"240":{"start":{"line":381,"column":6},"end":{"line":381,"column":null}},"241":{"start":{"line":382,"column":6},"end":{"line":382,"column":null}},"242":{"start":{"line":385,"column":2},"end":{"line":385,"column":null}},"243":{"start":{"line":386,"column":2},"end":{"line":386,"column":null}},"244":{"start":{"line":390,"column":22},"end":{"line":390,"column":52}},"245":{"start":{"line":392,"column":2},"end":{"line":394,"column":null}},"246":{"start":{"line":393,"column":4},"end":{"line":393,"column":null}},"247":{"start":{"line":396,"column":2},"end":{"line":400,"column":null}},"248":{"start":{"line":401,"column":2},"end":{"line":401,"column":null}},"249":{"start":{"line":404,"column":21},"end":{"line":404,"column":66}},"250":{"start":{"line":404,"column":47},"end":{"line":404,"column":64}}},"fnMap":{"0":{"name":"logSection","decl":{"start":{"line":25,"column":9},"end":{"line":25,"column":19}},"loc":{"start":{"line":25,"column":27},"end":{"line":27,"column":null}},"line":25},"1":{"name":"logStep","decl":{"start":{"line":29,"column":9},"end":{"line":29,"column":16}},"loc":{"start":{"line":29,"column":37},"end":{"line":45,"column":null}},"line":29},"2":{"name":"createSpinner","decl":{"start":{"line":47,"column":9},"end":{"line":47,"column":22}},"loc":{"start":{"line":47,"column":30},"end":{"line":64,"column":null}},"line":47},"3":{"name":"(anonymous_3)","decl":{"start":{"line":50,"column":28},"end":{"line":50,"column":29}},"loc":{"start":{"line":50,"column":34},"end":{"line":56,"column":3}},"line":50},"4":{"name":"stop","decl":{"start":{"line":58,"column":4},"end":{"line":58,"column":8}},"loc":{"start":{"line":58,"column":11},"end":{"line":62,"column":5}},"line":58},"5":{"name":"logPrompt","decl":{"start":{"line":66,"column":9},"end":{"line":66,"column":18}},"loc":{"start":{"line":66,"column":27},"end":{"line":78,"column":null}},"line":66},"6":{"name":"logBanner","decl":{"start":{"line":80,"column":9},"end":{"line":80,"column":18}},"loc":{"start":{"line":80,"column":25},"end":{"line":82,"column":null}},"line":80},"7":{"name":"runCommand","decl":{"start":{"line":86,"column":22},"end":{"line":86,"column":32}},"loc":{"start":{"line":86,"column":48},"end":{"line":129,"column":null}},"line":86},"8":{"name":"(anonymous_8)","decl":{"start":{"line":98,"column":20},"end":{"line":98,"column":21}},"loc":{"start":{"line":98,"column":26},"end":{"line":105,"column":3}},"line":98},"9":{"name":"(anonymous_9)","decl":{"start":{"line":106,"column":23},"end":{"line":106,"column":24}},"loc":{"start":{"line":106,"column":29},"end":{"line":106,"column":62}},"line":106},"10":{"name":"(anonymous_10)","decl":{"start":{"line":107,"column":24},"end":{"line":107,"column":25}},"loc":{"start":{"line":107,"column":30},"end":{"line":107,"column":63}},"line":107},"11":{"name":"runLoop","decl":{"start":{"line":133,"column":15},"end":{"line":133,"column":22}},"loc":{"start":{"line":133,"column":36},"end":{"line":178,"column":null}},"line":133},"12":{"name":"(anonymous_12)","decl":{"start":{"line":144,"column":35},"end":{"line":144,"column":36}},"loc":{"start":{"line":144,"column":40},"end":{"line":144,"column":60}},"line":144},"13":{"name":"executeTask","decl":{"start":{"line":182,"column":15},"end":{"line":182,"column":26}},"loc":{"start":{"line":182,"column":56},"end":{"line":229,"column":null}},"line":182},"14":{"name":"checkTaskDone","decl":{"start":{"line":231,"column":15},"end":{"line":231,"column":28}},"loc":{"start":{"line":231,"column":50},"end":{"line":236,"column":null}},"line":231},"15":{"name":"(anonymous_15)","decl":{"start":{"line":234,"column":26},"end":{"line":234,"column":27}},"loc":{"start":{"line":234,"column":31},"end":{"line":234,"column":46}},"line":234},"16":{"name":"httpPost","decl":{"start":{"line":240,"column":15},"end":{"line":240,"column":23}},"loc":{"start":{"line":240,"column":35},"end":{"line":256,"column":null}},"line":240},"17":{"name":"(anonymous_17)","decl":{"start":{"line":241,"column":21},"end":{"line":241,"column":22}},"loc":{"start":{"line":241,"column":42},"end":{"line":255,"column":3}},"line":241},"18":{"name":"(anonymous_18)","decl":{"start":{"line":247,"column":7},"end":{"line":247,"column":8}},"loc":{"start":{"line":247,"column":16},"end":{"line":251,"column":5}},"line":247},"19":{"name":"(anonymous_19)","decl":{"start":{"line":249,"column":21},"end":{"line":249,"column":22}},"loc":{"start":{"line":249,"column":29},"end":{"line":249,"column":38}},"line":249},"20":{"name":"(anonymous_20)","decl":{"start":{"line":250,"column":20},"end":{"line":250,"column":21}},"loc":{"start":{"line":250,"column":26},"end":{"line":250,"column":39}},"line":250},"21":{"name":"httpPostJson","decl":{"start":{"line":258,"column":15},"end":{"line":258,"column":27}},"loc":{"start":{"line":258,"column":39},"end":{"line":261,"column":null}},"line":258},"22":{"name":"getStatus","decl":{"start":{"line":263,"column":15},"end":{"line":263,"column":24}},"loc":{"start":{"line":263,"column":27},"end":{"line":276,"column":null}},"line":263},"23":{"name":"(anonymous_23)","decl":{"start":{"line":264,"column":21},"end":{"line":264,"column":22}},"loc":{"start":{"line":264,"column":34},"end":{"line":275,"column":3}},"line":264},"24":{"name":"(anonymous_24)","decl":{"start":{"line":265,"column":67},"end":{"line":265,"column":68}},"loc":{"start":{"line":265,"column":76},"end":{"line":272,"column":5}},"line":265},"25":{"name":"(anonymous_25)","decl":{"start":{"line":267,"column":21},"end":{"line":267,"column":22}},"loc":{"start":{"line":267,"column":29},"end":{"line":267,"column":38}},"line":267},"26":{"name":"(anonymous_26)","decl":{"start":{"line":268,"column":20},"end":{"line":268,"column":21}},"loc":{"start":{"line":268,"column":26},"end":{"line":271,"column":7}},"line":268},"27":{"name":"(anonymous_27)","decl":{"start":{"line":273,"column":20},"end":{"line":273,"column":21}},"loc":{"start":{"line":273,"column":26},"end":{"line":273,"column":40}},"line":273},"28":{"name":"(anonymous_28)","decl":{"start":{"line":274,"column":25},"end":{"line":274,"column":26}},"loc":{"start":{"line":274,"column":31},"end":{"line":274,"column":65}},"line":274},"29":{"name":"handleDecision","decl":{"start":{"line":278,"column":15},"end":{"line":278,"column":29}},"loc":{"start":{"line":278,"column":33},"end":{"line":334,"column":null}},"line":278},"30":{"name":"(anonymous_30)","decl":{"start":{"line":288,"column":45},"end":{"line":288,"column":46}},"loc":{"start":{"line":288,"column":55},"end":{"line":288,"column":103}},"line":288},"31":{"name":"(anonymous_31)","decl":{"start":{"line":309,"column":22},"end":{"line":309,"column":23}},"loc":{"start":{"line":309,"column":32},"end":{"line":309,"column":80}},"line":309},"32":{"name":"(anonymous_32)","decl":{"start":{"line":310,"column":37},"end":{"line":310,"column":38}},"loc":{"start":{"line":310,"column":50},"end":{"line":315,"column":5}},"line":310},"33":{"name":"(anonymous_33)","decl":{"start":{"line":311,"column":66},"end":{"line":311,"column":67}},"loc":{"start":{"line":311,"column":73},"end":{"line":314,"column":7}},"line":311},"34":{"name":"(anonymous_34)","decl":{"start":{"line":324,"column":35},"end":{"line":324,"column":36}},"loc":{"start":{"line":324,"column":48},"end":{"line":329,"column":3}},"line":324},"35":{"name":"(anonymous_35)","decl":{"start":{"line":325,"column":40},"end":{"line":325,"column":41}},"loc":{"start":{"line":325,"column":47},"end":{"line":328,"column":5}},"line":325},"36":{"name":"waitForReady","decl":{"start":{"line":336,"column":15},"end":{"line":336,"column":27}},"loc":{"start":{"line":336,"column":30},"end":{"line":356,"column":null}},"line":336},"37":{"name":"checkServer","decl":{"start":{"line":358,"column":15},"end":{"line":358,"column":26}},"loc":{"start":{"line":358,"column":29},"end":{"line":361,"column":null}},"line":358},"38":{"name":"ensureServer","decl":{"start":{"line":365,"column":15},"end":{"line":365,"column":27}},"loc":{"start":{"line":365,"column":48},"end":{"line":387,"column":null}},"line":365},"39":{"name":"ensureSession","decl":{"start":{"line":389,"column":15},"end":{"line":389,"column":28}},"loc":{"start":{"line":389,"column":49},"end":{"line":402,"column":null}},"line":389},"40":{"name":"sleep","decl":{"start":{"line":404,"column":9},"end":{"line":404,"column":14}},"loc":{"start":{"line":404,"column":19},"end":{"line":404,"column":null}},"line":404},"41":{"name":"(anonymous_41)","decl":{"start":{"line":404,"column":40},"end":{"line":404,"column":41}},"loc":{"start":{"line":404,"column":47},"end":{"line":404,"column":64}},"line":404}},"branchMap":{"0":{"loc":{"start":{"line":31,"column":2},"end":{"line":44,"column":null}},"type":"switch","locations":[{"start":{"line":32,"column":4},"end":{"line":34,"column":null}},{"start":{"line":35,"column":4},"end":{"line":37,"column":null}},{"start":{"line":38,"column":4},"end":{"line":40,"column":null}},{"start":{"line":41,"column":4},"end":{"line":43,"column":null}}],"line":31},"1":{"loc":{"start":{"line":51,"column":4},"end":{"line":55,"column":null}},"type":"if","l
[...]
00":3,"201":3,"202":1,"203":3,"204":8,"205":1,"206":2,"207":2,"208":2,"209":2,"210":2,"211":2,"212":2,"213":2,"214":2,"215":2,"216":2,"217":47,"218":65,"219":9,"220":9,"221":65,"222":65,"223":65,"224":2,"225":2,"226":0,"227":0},"f":{"0":7,"1":27,"2":10,"3":16,"4":30,"5":18,"6":11,"7":7,"8":4,"9":4,"10":11,"11":11,"12":11,"13":61,"14":61,"15":61,"16":61,"17":73,"18":77,"19":14,"20":1,"21":3,"22":2,"23":2,"24":2,"25":2,"26":2,"27":2,"28":47,"29":65,"30":0},"b":{"0":[2,0],"1":[2,0],"2":[2,0],"3":[0,2],"4":[2,2],"5":[2,0],"6":[2,0],"7":[2,0],"8":[2,1],"9":[7,2],"10":[7,11],"11":[0,7],"12":[0,4],"13":[0,61],"14":[3,74],"15":[77,16],"16":[2,72],"17":[74,13],"18":[28,44],"19":[72,61],"20":[28,0],"21":[28,0],"22":[8,20],"23":[6,14],"24":[3,11],"25":[7,21],"26":[28,7],"27":[7,0],"28":[7,7],"29":[0,7],"30":[7,0],"31":[7,6],"32":[4,24],"33":[28,4],"34":[4,0],"35":[4,4],"36":[1,3],"37":[1,2],"38":[3,1],"39":[2,0],"40":[28,0],"41":[2,42],"42":[44,11],"43":[2,0],"44":[8,34],"45":[42,9],"46":[1,7],"47":[10,24],"48":[34,33],"49":[1,9],"50":[10,10],"51":[9,0],"52":[10,8],"53":[4,20],"54":[24,23],"55":[1,3],"56":[4,4],"57":[3,2],"58":[5,15],"59":[20,19],"60":[1,4],"61":[5,5,5],"62":[1,3],"63":[1,2],"64":[3,12],"65":[15,14],"66":[1,2],"67":[3,3,2],"68":[1,1],"69":[0,1],"70":[0,1],"71":[1,0],"72":[11,1],"73":[12,11],"74":[1,10],"75":[11,11,11],"76":[1,9],"77":[3,6],"78":[1,2],"79":[6,2],"80":[6,2],"81":[0,11],"82":[3,0],"83":[1,2],"84":[2],"85":[2,0],"86":[9,56],"87":[0,2]},"meta":{"lastBranch":88,"lastFunction":31,"lastStatement":228,"seen":{"s:3:13:3:28":0,"s:4:11:4:24":1,"s:5:13:5:28":2,"s:8:16:8:59":3,"b:8:16:8:34:8:38:8:59":0,"s:9:22:9:76":4,"b:9:22:9:45:9:49:9:76":1,"s:11:21:11:60":5,"b:11:21:11:43:11:47:11:60":2,"s:12:15:12:42":6,"b:13:0:13:Infinity:undefined:undefined:undefined:undefined":3,"s:13:0:13:Infinity":7,"s:13:20:13:Infinity":8,"s:15:13:15:48":9,"b:15:20:15:39:15:43:15:47":4,"s:16:25:16:74":10,"b:16:32:16:63:16:67:16:73":5,"s:17:23:17:67":11,"b:17:30:17:59:17:63:17:66":6,"s:18:30:18:73":12,"b:18:37:18:64:18:68:18:72":7,"s:19:29:19:82":13,"b:19:36:19:71:19:75:19:81":8,"s:21:16:21:58":14,"f:21:16:21:17":0,"s:21:22:21:58":15,"b:21:22:21:45:21:49:21:58":9,"s:24:12:24:19":16,"s:25:22:25:26":17,"s:26:14:26:16":18,"s:27:20:27:24":19,"f:29:9:29:20":1,"s:30:2:30:Infinity":20,"f:33:9:33:22":2,"s:34:2:34:Infinity":21,"f:37:9:37:17":3,"s:38:2:38:Infinity":22,"s:39:18:39:25":23,"s:40:2:40:Infinity":24,"s:41:2:41:Infinity":25,"s:41:28:41:Infinity":26,"f:44:9:44:16":4,"s:45:2:45:Infinity":27,"f:48:9:48:18":5,"b:49:2:49:Infinity:undefined:undefined:undefined:undefined":10,"s:49:2:49:Infinity":28,"s:49:25:49:Infinity":29,"s:50:2:65:Infinity":30,"f:50:21:50:22":6,"s:51:15:51:20":31,"s:52:15:57:5":32,"f:52:15:52:16":7,"b:53:6:53:Infinity:undefined:undefined:undefined:undefined":11,"s:53:6:53:Infinity":33,"s:53:16:53:Infinity":34,"s:54:6:54:Infinity":35,"s:55:6:55:Infinity":36,"s:56:6:56:Infinity":37,"s:58:18:63:15":38,"f:58:29:58:30":8,"b:59:6:59:Infinity:undefined:undefined:undefined:undefined":12,"s:59:6:59:Infinity":39,"s:59:16:59:Infinity":40,"s:60:6:60:Infinity":41,"s:61:6:61:Infinity":42,"f:61:31:61:32":9,"s:61:38:61:46":43,"s:62:6:62:Infinity":44,"s:64:4:64:Infinity":45,"s:68:14:68:59":46,"f:68:14:68:15":10,"s:68:22:68:59":47,"f:68:34:68:35":11,"s:68:41:68:58":48,"f:70:15:70:21":12,"s:71:2:71:Infinity":49,"s:72:2:72:Infinity":50,"s:73:2:73:Infinity":51,"f:77:9:77:17":13,"s:78:2:89:Infinity":52,"f:78:21:78:22":14,"s:79:14:79:16":53,"s:80:4:80:Infinity":54,"f:80:19:80:20":15,"s:80:27:80:35":55,"s:81:4:88:Infinity":56,"f:81:18:81:19":16,"b:82:6:82:Infinity:undefined:undefined:undefined:undefined":13,"s:82:6:82:Infinity":57,"s:82:16:82:Infinity":58,"s:83:6:87:Infinity":59,"s:84:8:84:Infinity":60,"s:86:8:86:Infinity":61,"f:92:9:92:13":17,"s:93:15:93:34":62,"s:94:2:94:Infinity":63,"s:95:2:95:Infinity":64,"s:98:15:302:2":65,"f:98:33:98:38":18,"s:99:14:99:50":66,"s:100:19:100:31":67,"b:103:2:117:Infinity:undefined:undefined:undefined:undefined":14,"s:103:2:117:Infinity":68,"b:103:6:103:26:103:30:103:46":15,"s:104:4:116:Infinity":69,"s:105:19:105:65":70,"s:106:6:106:Infinity":71,"s:107:6:107:Infinity":72,"s:109:6:115:Infinity":73,"s:110:21:110:60":74,"s:111:8:111:Infinity":75,"s:112:8:112:Infinity":76,"s:114:8:114:Infinity":77,"b:119:2:127:Infinity:undefined:undefined:undefined:undefined":16,"s:119:2:127:Infinity":78,"b:119:6:119:26:119:30:119:48":17,"s:120:4:126:Infinity":79,"s:121:19:121:58":80,"s:122:6:122:Infinity":81,"s:123:6:123:Infinity":82,"s:125:6:125:Infinity":83,"b:130:2:183:Infinity:undefined:undefined:undefined:undefined":18,"s:130:2:183:Infinity":84,"b:130:6:130:27:130:31:130:51":19,"s:131:17:131:44":85,"b:131:18:131:37:131:42:131:44":20,"s:132:18:132:61":86,"b:132:18:132:28:132:32:132:61":21,"b:134:4:142:Infinity:135:9:142:Infinity":22,"s:134:4:142:Infinity":87,"s:134:38:134:Infinity":88,"b:135:9:142:Infinity:139:11:142:Infinity":23,"s:135:9:142:Infinity":89,"s:136:6:136:Infinity":90,"s:137:6:137:Infinity":91,"s:138:6:138:Infinity":92,"b:139:11:142:Infinity:undefined:undefined:undefined:undefined":24,"s:139:11:142:Infinity":93,"s:140:6:140:Infinity":94,"s:141:6:141:Infinity":95,"b:145:4:159:Infinity:undefined:undefined:undefined:undefined":25,"s:145:4:159:Infinity":96,"b:145:8:145:30:145:34:145:70":26,"s:146:24:146:50":97,"b:147:6:158:Infinity:undefined:undefined:undefined:undefined":27,"s:147:6:158:Infinity":98,"b:147:10:147:19:147:23:147:43":28,"s:148:18:148:30":99,"s:149:8:156:Infinity":100,"b:150:32:150:45:150:48:150:56":29,"b:153:20:153:29:153:33:153:35":30,"f:153:41:153:42":19,"s:153:46:153:53":101,"b:154:18:154:26:154:30:154:34":31,"s:157:8:157:Infinity":102,"b:162:4:179:Infinity:undefined:undefined:undefined:undefined":32,"s:162:4:179:Infinity":103,"b:162:8:162:31:162:35:162:71":33,"s:163:19:163:34":104,"s:164:19:164:37":105,"s:165:6:165:Infinity":106,"b:166:6:178:Infinity:undefined:undefined:undefined:undefined":34,"s:166:6:178:Infinity":107,"b:166:10:166:14:166:18:166:51":35,"s:167:21:167:23":108,"b:168:8:176:Infinity:170:15:176:Infinity":36,"s:168:8:176:Infinity":109,"s:169:10:169:Infinity":110,"b:170:15:176:Infinity:172:15:176:Infinity":37,"s:170:15:176:Infinity":111,"b:170:19:170:32:170:36:170:68":38,"s:171:10:171:Infinity":112,"b:172:15:176:Infinity:174:15:176:Infinity":39,"s:172:15:176:Infinity":113,"s:173:10:173:Infinity":114,"s:175:10:175:Infinity":115,"s:177:8:177:Infinity":116,"s:181:4:181:Infinity":117,"s:182:4:182:Infinity":118,"b:182:45:182:50:182:54:182:58":40,"b:186:2:196:Infinity:undefined:undefined:undefined:undefined":41,"s:186:2:196:Infinity":119,"b:186:6:186:26:186:30:186:55":42,"s:187:24:187:63":120,"b:187:24:187:46:187:50:187:63":43,"s:188:22:188:66":121,"s:189:4:195:Infinity":122,"s:190:18:190:53":123,"s:191:6:191:Infinity":124,"s:192:6:192:Infinity":125,"s:194:6:194:Infinity":126,"b:199:2:205:Infinity:undefined:undefined:undefined:undefined":44,"s:199:2:205:Infinity":127,"b:199:6:199:26:199:30:199:52":45,"s:200:16:200:83":128,"b:201:4:203:Infinity:undefined:undefined:undefined:undefined":46,"s:201:4:203:Infinity":129,"s:202:6:202:Infinity":130,"s:202:12:202:45":131,"s:202:56:202:76":132,"s:204:4:204:Infinity":133,"b:208:2:216:Infinity:undefined:undefined:undefined:undefined":47,"s:208:2:216:Infinity":134,"b:208:6:208:27:208:31:208:53":48,"s:209:17:209:36":135,"b:210:4:212:Infinity:undefined:undefined:undefined:undefined":49,"s:210:4:212:Infinity":136,"b:210:8:210:13:210:17:210:50":50,"s:211:6:211:Infinity":137,"s:213:4:213:Infinity":138,"b:213:68:213:80:213:84:213:86":51,"b:213:97:213:109:213:113:213:117":52,"s:214:4:214:Infinity":139,"s:215:4:215:Infinity":140,"b:219:2:227:Infinity:undefined:undefined:undefined:undefined":53,"s:219:2:227:Infinity":141,"b:219:6:219:27:219:31:219:50":54,"s:220:17:220:36":142,"b:221:4:223:Infinity:undefined:undefined:undefined:undefined":55,"s:221:4:223:Infinity":143,"b:221:8:221:13:221:17:221:50":56,"s:222:6:222:Infinity":144,"s:224:4:224:Infinity":145,"b:224:66:224:78:224:82:224:86":57,"s:225:4:225:Infinity":146,"s:226:4:226:Infinity":147,"b:229:2:246:Infinity:undefined:undefined:undefined:undefined":58,"s:229:2:246:Infinity":148,"b:229:6:229:27:229:31:229:51":59,"s:230:17:230:36":149,"b:231:4:233:Infinity:undefined:undefined:undefined:undefined":60,"s:231:4:233:Infinity":150,"b:231:8:231:13:231:17:231:46:231:50:231:72":61,"s:232:6:232:Infinity":151,"b:234:4:236:Infinity:undefined:undefined:undefined:undefined":62,"s:234:4:236:Infinity":152,"s:235:6:235:Infinity":153,"s:237:15:237:48":154,"b:238:4:238:Infinity:undefined:undefined:undefined:undefined":63,"s:238:4:238:Infinity":155,"s:238:13:238:Infinity":156,"s:240:4:240:Infinity":157,"s:241:4:241:Infinity":158,"s:243:4:243:Infinity":159,"s:244:4:244:Infinity":160,"s:245:4:245:Infinity":161,"b:248:2:264:Infinity:undefined:undefined:undefined:undefined":64,"s:248:2:264:Infinity":162,"b:248:6:248:27:248:31:248:50":65,"s:249:17:249:36":163,"b:250:4:252:Infinity:undefined:undefined:undefined:undefined":66,"s:250:4:252:Infinity":164,"b:250:8:250:13:250:17:250:45:250:49:250:70":67,"s:251:6:251:Infinity":165,"b:253:4:255:Infinity:undefined:undefined:undefined:undefined":68,"s:253:4:255:Infinity":166,"s:254:6:254:Infinity":167,"s:256:15:256:48":168,"b:257:4:257:Infinity:undefined:undefined:undefined:undefined":69,"s:257:4:257:Infinity":169,"s:257:13:257:Infinity":170,"s:258:4:258:Infinity":171,"s:259:4:259:Infinity":172,"b:261:4:261:Infinity:undefined:undefined:undefined:undefined":70,"s:261:4:261:Infinity":173,"s:261:23:261:Infinity":174,"s:262:4:262:Infinity":175,"f:262:31:262:32":20,"b:262:39:262:72:undefined:undefined:undefined:undefined":71,"s:262:39:262:72":176,"s:262:61:262:72":177,"s:263:4:263:Infinity":178,"b:267:2:299:Infinity:undefined:undefined:undefined:undefined":72,"s:267:2:299:Infinity":179,"b:267:6:267:27:267:31:267:54":73,"s:268:17:268:36":180,"b:269:4:272:Infinity:undefined:undefined:undefined:undefined":74,"s:269:4:272:Infinity":181,"b:269:8:269:13:269:17:269:47:269:51:269:74":75,"s:270:6:270:Infinity":182,"s:271:6:271:Infinity":183,"b:273:4:276:Infinity:undefined:undefined:undefined:undefined":76,"s:273:4:276:Infinity":184,"s:274:6:274:Infinity":185,"s:275:6:275:Infinity":186,"b:278:4:281:Infinity:undefined:undefined:undefined:undefined":77,"s:278:4:281:Infinity":187,"s:279:17:279:50":188,"b:280:6:280:Infinity:undefined:undefined:undefined:undefined":78,"s:280:6:280:Infinity":189,"s:280:15:280:Infinity":190,"s:282:4:282:Infinity":191,"b:284:4:286:Infinity:undefined:undefined:undefined:undefined":79,"s:284:4:286:Infinity":192,"s:285:6:285:Infinity":193,"s:287:4:287:Infinity":194,"s:289:23:289:85":195,"b:289:41:289:61:289:64:289:85":80,"s:290:24:290:41":196,"b:291:4:291:Infinity:undefined:undefined:undefined:undefined":81,"s:291:4:291:Infinity":197,"s:291:23:291:Infinity":198,"s:292:4:297:Infinity":199,"f:292:31:292:32":21,"b:293:6:296:Infinity:undefined:undefined:undefined:undefined":82,"s:293:6:296:Infinity":200,"b:294:8:294:Infinity:undefined:undefined:undefined:undefined":83,"s:294:8:294:Infinity":201,"s:294:25:294:Infinity":202,"s:295:8:295:Infinity":203,"s:298:4:298:Infinity":204,"s:301:2:301:Infinity":205,"f:305:9:305:14":22,"b:305:22:305:26":84,"s:306:2:313:Infinity":206,"f:306:21:306:22":23,"s:307:4:307:Infinity":207,"s:308:4:312:Infinity":208,"f:308:37:308:38":24,"s:309:6:309:Infinity":209,"s:310:19:310:35":210,"s:311:6:311:Infinity":211,"f:316:9:316:13":25,"s:317:2:320:Infinity":212,"f:317:21:317:22":26,"s:318:4:318:Infinity":213,"f:318:17:318:18":27,"s:318:23:318:32":214,"b:319:4:319:Infinity:undefined:undefined:undefined:undefined":85,"s:319:4:319:Infinity":215,"s:319:36:319:Infinity":216,"f:324:9:324:18":28,"s:325:2:325:Infinity":217,"f:328:9:328:22":29,"b:329:2:332:Infinity:undefined:undefined:undefined:undefined":86,"s:329:2:332:Infinity":218,"s:330:4:330:Infinity":219,"s:331:4:331:Infinity":220,"s:333:2:333:Infinity":221,"s:334:2:334:Infinity":222,"s:335:2:335:Infinity":223,"s:338:0:341:Infinity":224,"b:343:0:347:Infinity:undefined:undefined:undefined:undefined":87,"s:343:0:347:Infinity":225,"s:344:2:346:Infinity":226,"f:344:35:344:36":30,"s:345:4:345:Infinity":227},"fnNames":{}}}
,"/Users/v-shangjunhao/MyProject/ai-workflow/cc-control/src/server/tmux-keys.cjs": {"path":"/Users/v-shangjunhao/MyProject/ai-workflow/cc-control/src/server/tmux-keys.cjs","statementMap":{"0":{"start":{"line":8,"column":21},"end":{"line":8,"column":45}},"1":{"start":{"line":11,"column":2},"end":{"line":11,"column":null}},"2":{"start":{"line":11,"column":34},"end":{"line":11,"column":57}},"3":{"start":{"line":18,"column":2},"end":{"line":18,"column":null}},"4":{"start":{"line":26,"column":2},"end":{"line":29,"column":null}},"5":{"start":{"line":26,"column":15},"end":{"line":26,"column":16}},"6":{"start":{"line":27,"column":4},"end":{"line":27,"column":null}},"7":{"start":{"line":28,"column":4},"end":{"line":28,"column":null}},"8":{"start":{"line":30,"column":2},"end":{"line":30,"column":null}},"9":{"start":{"line":32,"column":2},"end":{"line":35,"column":null}},"10":{"start":{"line":33,"column":4},"end":{"line":33,"column":null}},"11":{"start":{"line":34,"column":4},"end":{"line":34,"column":null}},"12":{"start":{"line":36,"column":2},"end":{"line":36,"column":null}},"13":{"start":{"line":38,"column":2},"end":{"line":38,"column":null}},"14":{"start":{"line":49,"column":19},"end":{"line":49,"column":43}},"15":{"start":{"line":51,"column":2},"end":{"line":58,"column":null}},"16":{"start":{"line":51,"column":15},"end":{"line":51,"column":16}},"17":{"start":{"line":52,"column":4},"end":{"line":55,"column":null}},"18":{"start":{"line":53,"column":6},"end":{"line":53,"column":null}},"19":{"start":{"line":54,"column":6},"end":{"line":54,"column":null}},"20":{"start":{"line":56,"column":4},"end":{"line":56,"column":null}},"21":{"start":{"line":57,"column":4},"end":{"line":57,"column":null}},"22":{"start":{"line":60,"column":2},"end":{"line":68,"column":null}},"23":{"start":{"line":61,"column":4},"end":{"line":61,"column":null}},"24":{"start":{"line":62,"column":4},"end":{"line":62,"column":null}},"25":{"start":{"line":63,"column":4},"end":{"line":66,"column":null}},"26":{"start":{"line":64,"column":6},"end":{"line":64,"column":null}},"27":{"start":{"line":65,"column":6},"end":{"line":65,"column":null}},"28":{"start":{"line":67,"column":4},"end":{"line":67,"column":null}},"29":{"start":{"line":70,"column":2},"end":{"line":70,"column":null}},"30":{"start":{"line":73,"column":0},"end":{"line":73,"column":null}}},"fnMap":{"0":{"name":"sleep","decl":{"start":{"line":10,"column":9},"end":{"line":10,"column":14}},"loc":{"start":{"line":10,"column":19},"end":{"line":12,"column":null}},"line":10},"1":{"name":"(anonymous_1)","decl":{"start":{"line":11,"column":21},"end":{"line":11,"column":22}},"loc":{"start":{"line":11,"column":34},"end":{"line":11,"column":57}},"line":11},"2":{"name":"selectOption","decl":{"start":{"line":17,"column":15},"end":{"line":17,"column":27}},"loc":{"start":{"line":17,"column":44},"end":{"line":19,"column":null}},"line":17},"3":{"name":"inputCustom","decl":{"start":{"line":25,"column":15},"end":{"line":25,"column":26}},"loc":{"start":{"line":25,"column":56},"end":{"line":39,"column":null}},"line":25},"4":{"name":"selectMulti","decl":{"start":{"line":48,"column":15},"end":{"line":48,"column":26}},"loc":{"start":{"line":48,"column":79},"end":{"line":71,"column":null}},"line":48}},"branchMap":{"0":{"loc":{"start":{"line":52,"column":4},"end":{"line":55,"column":null}},"type":"if","locations":[{"start":{"line":52,"column":4},"end":{"line":55,"column":null}},{"start":{},"end":{}}],"line":52},"1":{"loc":{"start":{"line":60,"column":2},"end":{"line":68,"column":null}},"type":"if","locations":[{"start":{"line":60,"column":2},"end":{"line":68,"column":null}},{"start":{},"end":{}}],"line":60}},"s":{"0":0,"1":0,"2":0,"3":0,"4":0,"5":0,"6":0,"7":0,"8":0,"9":0,"10":0,"11":0,"12":0,"13":0,"14":0,"15":0,"16":0,"17":0,"18":0,"19":0,"20":0,"21":0,"22":0,"23":0,"24":0,"25":0,"26":0,"27":0,"28":0,"29":0,"30":0},"f":{"0":0,"1":0,"2":0,"3":0,"4":0},"b":{"0":[0,0],"1":[0,0]},"meta":{"lastBranch":2,"lastFunction":5,"lastStatement":31,"seen":{"s:8:21:8:45":0,"f:10:9:10:14":0,"s:11:2:11:Infinity":1,"f:11:21:11:22":1,"s:11:34:11:57":2,"f:17:15:17:27":2,"s:18:2:18:Infinity":3,"f:25:15:25:26":3,"s:26:2:29:Infinity":4,"s:26:15:26:16":5,"s:27:4:27:Infinity":6,"s:28:4:28:Infinity":7,"s:30:2:30:Infinity":8,"s:32:2:35:Infinity":9,"s:33:4:33:Infinity":10,"s:34:4:34:Infinity":11,"s:36:2:36:Infinity":12,"s:38:2:38:Infinity":13,"f:48:15:48:26":4,"s:49:19:49:43":14,"s:51:2:58:Infinity":15,"s:51:15:51:16":16,"b:52:4:55:Infinity:undefined:undefined:undefined:undefined":0,"s:52:4:55:Infinity":17,"s:53:6:53:Infinity":18,"s:54:6:54:Infinity":19,"s:56:4:56:Infinity":20,"s:57:4:57:Infinity":21,"b:60:2:68:Infinity:undefined:undefined:undefined:undefined":1,"s:60:2:68:Infinity":22,"s:61:4:61:Infinity":23,"s:62:4:62:Infinity":24,"s:63:4:66:Infinity":25,"s:64:6:64:Infinity":26,"s:65:6:65:Infinity":27,"s:67:4:67:Infinity":28,"s:70:2:70:Infinity":29,"s:73:0:73:Infinity":30},"fnNames":{}}}
,"/Users/v-shangjunhao/MyProject/ai-workflow/cc-control/src/server/tmux.cjs": {"path":"/Users/v-shangjunhao/MyProject/ai-workflow/cc-control/src/server/tmux.cjs","statementMap":{"0":{"start":{"line":5,"column":21},"end":{"line":5,"column":90}},"1":{"start":{"line":7,"column":16},"end":{"line":7,"column":46}},"2":{"start":{"line":10,"column":2},"end":{"line":10,"column":null}},"3":{"start":{"line":14,"column":2},"end":{"line":19,"column":null}},"4":{"start":{"line":15,"column":4},"end":{"line":15,"column":null}},"5":{"start":{"line":16,"column":4},"end":{"line":16,"column":null}},"6":{"start":{"line":18,"column":4},"end":{"line":18,"column":null}},"7":{"start":{"line":24,"column":2},"end":{"line":24,"column":null}},"8":{"start":{"line":29,"column":2},"end":{"line":29,"column":null}},"9":{"start":{"line":34,"column":2},"end":{"line":34,"column":null}},"10":{"start":{"line":37,"column":0},"end":{"line":37,"column":null}}},"fnMap":{"0":{"name":"tmux","decl":{"start":{"line":9,"column":9},"end":{"line":9,"column":13}},"loc":{"start":{"line":9,"column":20},"end":{"line":11,"column":null}},"line":9},"1":{"name":"hasSession","decl":{"start":{"line":13,"column":9},"end":{"line":13,"column":19}},"loc":{"start":{"line":13,"column":22},"end":{"line":20,"column":null}},"line":13},"2":{"name":"sendText","decl":{"start":{"line":23,"column":9},"end":{"line":23,"column":17}},"loc":{"start":{"line":23,"column":24},"end":{"line":25,"column":null}},"line":23},"3":{"name":"sendEnter","decl":{"start":{"line":28,"column":9},"end":{"line":28,"column":18}},"loc":{"start":{"line":28,"column":21},"end":{"line":30,"column":null}},"line":28},"4":{"name":"capture","decl":{"start":{"line":33,"column":9},"end":{"line":33,"column":16}},"loc":{"start":{"line":33,"column":19},"end":{"line":35,"column":null}},"line":33}},"branchMap":{"0":{"loc":{"start":{"line":5,"column":21},"end":{"line":5,"column":90}},"type":"binary-expr","locations":[{"start":{"line":5,"column":21},"end":{"line":5,"column":49}},{"start":{"line":5,"column":53},"end":{"line":5,"column":90}}],"line":5},"1":{"loc":{"start":{"line":7,"column":16},"end":{"line":7,"column":46}},"type":"binary-expr","locations":[{"start":{"line":7,"column":16},"end":{"line":7,"column":38}},{"start":{"line":7,"column":42},"end":{"line":7,"column":46}}],"line":7}},"s":{"0":8,"1":8,"2":10,"3":3,"4":3,"5":3,"6":2,"7":4,"8":2,"9":1,"10":8},"f":{"0":10,"1":3,"2":4,"3":2,"4":1},"b":{"0":[8,0],"1":[8,7]},"meta":{"lastBranch":2,"lastFunction":5,"lastStatement":11,"seen":{"s:5:21:5:90":0,"b:5:21:5:49:5:53:5:90":0,"s:7:16:7:46":1,"b:7:16:7:38:7:42:7:46":1,"f:9:9:9:13":0,"s:10:2:10:Infinity":2,"f:13:9:13:19":1,"s:14:2:19:Infinity":3,"s:15:4:15:Infinity":4,"s:16:4:16:Infinity":5,"s:18:4:18:Infinity":6,"f:23:9:23:17":2,"s:24:2:24:Infinity":7,"f:28:9:28:18":3,"s:29:2:29:Infinity":8,"f:33:9:33:16":4,"s:34:2:34:Infinity":9,"s:37:0:37:Infinity":10},"fnNames":{}}}
}
